{"/Users/user/Documents/GitHub/firefly/backend/testSetup.ts":{"path":"/Users/user/Documents/GitHub/firefly/backend/testSetup.ts","statementMap":{"0":{"start":{"line":2,"column":22},"end":{"line":4,"column":1}},"1":{"start":{"line":3,"column":4},"end":{"line":3,"column":62}},"2":{"start":{"line":5,"column":0},"end":{"line":5,"column":62}},"3":{"start":{"line":6,"column":19},"end":{"line":6,"column":55}},"4":{"start":{"line":7,"column":17},"end":{"line":7,"column":51}},"5":{"start":{"line":8,"column":17},"end":{"line":8,"column":55}},"6":{"start":{"line":9,"column":0},"end":{"line":9,"column":26}},"7":{"start":{"line":10,"column":0},"end":{"line":10,"column":45}},"8":{"start":{"line":11,"column":0},"end":{"line":11,"column":48}},"9":{"start":{"line":12,"column":66},"end":{"line":12,"column":77}},"10":{"start":{"line":13,"column":15},"end":{"line":13,"column":51}},"11":{"start":{"line":14,"column":19},"end":{"line":19,"column":1}},"12":{"start":{"line":15,"column":4},"end":{"line":18,"column":5}},"13":{"start":{"line":16,"column":8},"end":{"line":16,"column":46}},"14":{"start":{"line":17,"column":8},"end":{"line":17,"column":64}},"15":{"start":{"line":20,"column":17},"end":{"line":26,"column":1}},"16":{"start":{"line":21,"column":4},"end":{"line":25,"column":5}},"17":{"start":{"line":22,"column":32},"end":{"line":22,"column":61}},"18":{"start":{"line":23,"column":25},"end":{"line":23,"column":138}},"19":{"start":{"line":23,"column":70},"end":{"line":23,"column":137}},"20":{"start":{"line":24,"column":8},"end":{"line":24,"column":36}},"21":{"start":{"line":27,"column":0},"end":{"line":41,"column":3}},"22":{"start":{"line":28,"column":4},"end":{"line":40,"column":5}},"23":{"start":{"line":29,"column":8},"end":{"line":35,"column":9}},"24":{"start":{"line":30,"column":12},"end":{"line":33,"column":15}},"25":{"start":{"line":34,"column":12},"end":{"line":34,"column":76}},"26":{"start":{"line":38,"column":8},"end":{"line":38,"column":61}},"27":{"start":{"line":39,"column":8},"end":{"line":39,"column":20}},"28":{"start":{"line":42,"column":0},"end":{"line":45,"column":3}},"29":{"start":{"line":43,"column":4},"end":{"line":43,"column":21}},"30":{"start":{"line":44,"column":4},"end":{"line":44,"column":23}}},"fnMap":{"0":{"name":"(anonymous_0)","decl":{"start":{"line":2,"column":56},"end":{"line":2,"column":57}},"loc":{"start":{"line":2,"column":71},"end":{"line":4,"column":1}},"line":2},"1":{"name":"(anonymous_1)","decl":{"start":{"line":14,"column":19},"end":{"line":14,"column":20}},"loc":{"start":{"line":14,"column":31},"end":{"line":19,"column":1}},"line":14},"2":{"name":"(anonymous_2)","decl":{"start":{"line":20,"column":17},"end":{"line":20,"column":18}},"loc":{"start":{"line":20,"column":29},"end":{"line":26,"column":1}},"line":20},"3":{"name":"(anonymous_3)","decl":{"start":{"line":23,"column":54},"end":{"line":23,"column":55}},"loc":{"start":{"line":23,"column":70},"end":{"line":23,"column":137}},"line":23},"4":{"name":"(anonymous_4)","decl":{"start":{"line":27,"column":7},"end":{"line":27,"column":8}},"loc":{"start":{"line":27,"column":25},"end":{"line":41,"column":1}},"line":27},"5":{"name":"(anonymous_5)","decl":{"start":{"line":42,"column":6},"end":{"line":42,"column":7}},"loc":{"start":{"line":42,"column":24},"end":{"line":45,"column":1}},"line":42}},"branchMap":{"0":{"loc":{"start":{"line":2,"column":22},"end":{"line":4,"column":1}},"type":"binary-expr","locations":[{"start":{"line":2,"column":23},"end":{"line":2,"column":27}},{"start":{"line":2,"column":31},"end":{"line":2,"column":51}},{"start":{"line":2,"column":56},"end":{"line":4,"column":1}}],"line":2},"1":{"loc":{"start":{"line":3,"column":11},"end":{"line":3,"column":61}},"type":"cond-expr","locations":[{"start":{"line":3,"column":37},"end":{"line":3,"column":40}},{"start":{"line":3,"column":43},"end":{"line":3,"column":61}}],"line":3},"2":{"loc":{"start":{"line":3,"column":12},"end":{"line":3,"column":33}},"type":"binary-expr","locations":[{"start":{"line":3,"column":12},"end":{"line":3,"column":15}},{"start":{"line":3,"column":19},"end":{"line":3,"column":33}}],"line":3},"3":{"loc":{"start":{"line":15,"column":4},"end":{"line":18,"column":5}},"type":"if","locations":[{"start":{"line":15,"column":4},"end":{"line":18,"column":5}},{"start":{},"end":{}}],"line":15},"4":{"loc":{"start":{"line":21,"column":4},"end":{"line":25,"column":5}},"type":"if","locations":[{"start":{"line":21,"column":4},"end":{"line":25,"column":5}},{"start":{},"end":{}}],"line":21},"5":{"loc":{"start":{"line":29,"column":8},"end":{"line":35,"column":9}},"type":"if","locations":[{"start":{"line":29,"column":8},"end":{"line":35,"column":9}},{"start":{},"end":{}}],"line":29}},"s":{"0":1,"1":2,"2":1,"3":1,"4":1,"5":1,"6":1,"7":1,"8":1,"9":1,"10":1,"11":1,"12":0,"13":0,"14":0,"15":1,"16":0,"17":0,"18":0,"19":0,"20":0,"21":1,"22":0,"23":0,"24":0,"25":0,"26":0,"27":0,"28":1,"29":0,"30":0},"f":{"0":2,"1":0,"2":0,"3":0,"4":0,"5":0},"b":{"0":[1,1,1],"1":[0,2],"2":[2,2],"3":[0,0],"4":[0,0],"5":[0,0]},"inputSourceMap":{"version":3,"file":"/Users/user/Documents/GitHub/firefly/backend/testSetup.ts","sources":["/Users/user/Documents/GitHub/firefly/backend/testSetup.ts"],"names":[],"mappings":";;;;;AAAA,wDAAgC;AAChC,oDAA4B;AAC5B,wDAAyD;AAEzD,gBAAM,CAAC,MAAM,EAAE,CAAC;AAEhB,kBAAQ,CAAC,GAAG,CAAC,aAAa,EAAE,KAAK,CAAC,CAAC;AACnC,kBAAQ,CAAC,GAAG,CAAC,gBAAgB,EAAE,KAAK,CAAC,CAAC;AAEtC,MAAM,EAAE,yBAAyB,EAAE,0BAA0B,EAAE,GAAG,OAAO,CAAC,GAAG,CAAA;AAC7E,MAAM,MAAM,GAAG,IAAI,mBAAU,CAAC,WAAW,CAAC,CAAC;AAI3C,MAAM,UAAU,GAAG,KAAK,IAAI,EAAE;IAC1B,IAAI,kBAAQ,CAAC,UAAU,CAAC,UAAU,KAAK,CAAC,EAAE,CAAC;QACvC,MAAM,kBAAQ,CAAC,UAAU,EAAE,CAAC;QAC5B,MAAM,CAAC,IAAI,CAAC,0CAA0C,CAAC,CAAC;IAC5D,CAAC;AACL,CAAC,CAAC;AAKF,MAAM,QAAQ,GAAG,KAAK,IAAI,EAAE;IACxB,IAAI,kBAAQ,CAAC,UAAU,CAAC,UAAU,KAAK,CAAC,EAAE,CAAC;QACvC,MAAM,EAAE,WAAW,EAAE,GAAG,kBAAQ,CAAC,UAAU,CAAC;QAC5C,MAAM,QAAQ,GAAG,MAAM,CAAC,IAAI,CAAC,WAAW,CAAC,CAAC,GAAG,CAAC,CAAC,UAAU,EAAE,EAAE,CACzD,kBAAQ,CAAC,UAAU,CAAC,UAAU,CAAC,UAAU,CAAC,CAAC,UAAU,CAAC,EAAE,CAAC,CAC5D,CAAC;QACF,MAAM,OAAO,CAAC,GAAG,CAAC,QAAQ,CAAC,CAAC;IAChC,CAAC;AACL,CAAC,CAAC;AAEF,MAAM,CAAC,KAAK;IAIR,IAAI,CAAC;QACD,IAAI,kBAAQ,CAAC,UAAU,CAAC,UAAU,KAAK,CAAC,EAAE,CAAC;YACvC,MAAM,kBAAQ,CAAC,OAAO,CAAC,yBAA0B,EAAE;gBAC/C,MAAM,EAAE,0BAA0B;gBAClC,wBAAwB,EAAE,KAAK;aAClC,CAAC,CAAC;YACH,MAAM,CAAC,IAAI,CAAC,uBAAuB,EAAE,EAAC,KAAK,EAAE,cAAc,EAAC,CAAC,CAAC;QAClE,CAAC;IACL,CAAC;IAAC,OAAO,KAAU,EAAE,CAAC;QAClB,MAAM,CAAC,KAAK,CAAC,+BAA+B,EAAE,KAAK,CAAC,CAAC;QACrD,MAAM,KAAK,CAAC;IAChB,CAAC;AACL,CAAC,CAAC,CAAA;AAEF,KAAK,CAAC,KAAK;IACP,MAAM,QAAQ,EAAE,CAAC;IACjB,MAAM,UAAU,EAAE,CAAC;AACvB,CAAC,CAAC,CAAC","sourcesContent":["import mongoose from \"mongoose\";\nimport dotenv from \"dotenv\";\nimport { LoggerImpl } from \"../backend/src/utils/logger\";\n\ndotenv.config();\n\nmongoose.set('strictQuery', false);\nmongoose.set('bufferCommands', false);\n\nconst { FIREFLY_TEST_DATABASE_URL, FIREFLY_TEST_DATABASE_NAME } = process.env\nconst logger = new LoggerImpl('TestSetup');\n/**\n * Disconnect test database during teardowns\n */\nconst disconnect = async () => {\n    if (mongoose.connection.readyState !== 0) {\n        await mongoose.disconnect();\n        logger.info(\"Disconnected from MongoDB after testing.\");\n    }\n};\n\n/**\n * Deletes all collections [it is meant for the test databases during teardowns]\n */\nconst truncate = async () => {\n    if (mongoose.connection.readyState !== 0) {\n        const { collections } = mongoose.connection;\n        const promises = Object.keys(collections).map((collection) =>\n            mongoose.connection.collection(collection).deleteMany({})\n        );\n        await Promise.all(promises);\n    }\n};\n\nbefore(async function () {\n/**\n * Connect to database\n */\n    try {\n        if (mongoose.connection.readyState === 0) {\n            await mongoose.connect(FIREFLY_TEST_DATABASE_URL!, {\n                dbName: FIREFLY_TEST_DATABASE_NAME,\n                serverSelectionTimeoutMS: 30000\n            });\n            logger.info(\"Connected to database\", {trace: 'testSetup.ts'});\n        }\n    } catch (error: any) {\n        logger.error(\"Failed to connect to MongoDB:\", error);\n        throw error; // Ensure Mocha knows about the failure\n    }\n})\n\nafter(async function () {\n    await truncate();\n    await disconnect();\n});\n"]},"_coverageSchema":"1a1c01bbd47fc00a2c39e90264f33305004495a9","hash":"c7c6564e362733dc660536d36fac7d1e6f5a9c02","contentHash":"851c28e8e3d617d774c8b6f275391628becf79ec98f153880a57f1d916ee3fc1"},"/Users/user/Documents/GitHub/firefly/backend/src/utils/logger.ts":{"path":"/Users/user/Documents/GitHub/firefly/backend/src/utils/logger.ts","statementMap":{"0":{"start":{"line":2,"column":22},"end":{"line":4,"column":1}},"1":{"start":{"line":3,"column":4},"end":{"line":3,"column":62}},"2":{"start":{"line":5,"column":0},"end":{"line":5,"column":62}},"3":{"start":{"line":6,"column":0},"end":{"line":6,"column":28}},"4":{"start":{"line":7,"column":17},"end":{"line":7,"column":61}},"5":{"start":{"line":10,"column":8},"end":{"line":13,"column":11}},"6":{"start":{"line":16,"column":8},"end":{"line":16,"column":40}},"7":{"start":{"line":19,"column":8},"end":{"line":19,"column":48}},"8":{"start":{"line":22,"column":8},"end":{"line":22,"column":40}},"9":{"start":{"line":25,"column":8},"end":{"line":25,"column":41}},"10":{"start":{"line":28,"column":0},"end":{"line":28,"column":32}}},"fnMap":{"0":{"name":"(anonymous_0)","decl":{"start":{"line":2,"column":56},"end":{"line":2,"column":57}},"loc":{"start":{"line":2,"column":71},"end":{"line":4,"column":1}},"line":2},"1":{"name":"(anonymous_1)","decl":{"start":{"line":9,"column":4},"end":{"line":9,"column":5}},"loc":{"start":{"line":9,"column":25},"end":{"line":14,"column":5}},"line":9},"2":{"name":"(anonymous_2)","decl":{"start":{"line":15,"column":4},"end":{"line":15,"column":5}},"loc":{"start":{"line":15,"column":24},"end":{"line":17,"column":5}},"line":15},"3":{"name":"(anonymous_3)","decl":{"start":{"line":18,"column":4},"end":{"line":18,"column":5}},"loc":{"start":{"line":18,"column":32},"end":{"line":20,"column":5}},"line":18},"4":{"name":"(anonymous_4)","decl":{"start":{"line":21,"column":4},"end":{"line":21,"column":5}},"loc":{"start":{"line":21,"column":24},"end":{"line":23,"column":5}},"line":21},"5":{"name":"(anonymous_5)","decl":{"start":{"line":24,"column":4},"end":{"line":24,"column":5}},"loc":{"start":{"line":24,"column":25},"end":{"line":26,"column":5}},"line":24}},"branchMap":{"0":{"loc":{"start":{"line":2,"column":22},"end":{"line":4,"column":1}},"type":"binary-expr","locations":[{"start":{"line":2,"column":23},"end":{"line":2,"column":27}},{"start":{"line":2,"column":31},"end":{"line":2,"column":51}},{"start":{"line":2,"column":56},"end":{"line":4,"column":1}}],"line":2},"1":{"loc":{"start":{"line":3,"column":11},"end":{"line":3,"column":61}},"type":"cond-expr","locations":[{"start":{"line":3,"column":37},"end":{"line":3,"column":40}},{"start":{"line":3,"column":43},"end":{"line":3,"column":61}}],"line":3},"2":{"loc":{"start":{"line":3,"column":12},"end":{"line":3,"column":33}},"type":"binary-expr","locations":[{"start":{"line":3,"column":12},"end":{"line":3,"column":15}},{"start":{"line":3,"column":19},"end":{"line":3,"column":33}}],"line":3}},"s":{"0":1,"1":1,"2":1,"3":1,"4":1,"5":4,"6":0,"7":0,"8":0,"9":0,"10":1},"f":{"0":1,"1":4,"2":0,"3":0,"4":0,"5":0},"b":{"0":[1,1,1],"1":[1,0],"2":[1,1]},"inputSourceMap":{"version":3,"file":"/Users/user/Documents/GitHub/firefly/backend/src/utils/logger.ts","sources":["/Users/user/Documents/GitHub/firefly/backend/src/utils/logger.ts"],"names":[],"mappings":";;;;;;AAAA,8DAAsC;AAEtC,MAAa,UAAU;IAGrB,YAAY,OAAe;QACzB,IAAI,CAAC,MAAM,GAAG,IAAI,gBAAM,CAAC;YACvB,WAAW,EAAE,gBAAgB;YAC7B,OAAO,EAAE,OAAO;SACjB,CAAC,CAAC;IACL,CAAC;IAEM,IAAI,CAAC,OAAe,EAAE,IAAU;QACrC,IAAI,CAAC,MAAM,CAAC,IAAI,CAAC,OAAO,EAAE,IAAI,CAAC,CAAC;IAClC,CAAC;IAEM,KAAK,CAAC,OAAe,EAAE,KAAa,EAAE,IAAU;QACrD,IAAI,CAAC,MAAM,CAAC,KAAK,CAAC,OAAO,EAAE,KAAK,EAAE,IAAI,CAAC,CAAC;IAC1C,CAAC;IAEM,IAAI,CAAC,OAAe,EAAE,IAAU;QACrC,IAAI,CAAC,MAAM,CAAC,IAAI,CAAC,OAAO,EAAE,IAAI,CAAC,CAAC;IAClC,CAAC;IAEM,KAAK,CAAC,OAAe,EAAE,IAAU;QACtC,IAAI,CAAC,MAAM,CAAC,KAAK,CAAC,OAAO,EAAE,IAAI,CAAC,CAAC;IACnC,CAAC;CACF;AAzBD,gCAyBC","sourcesContent":["import Logger from \"../config/logger\";\n\nexport class LoggerImpl {\n  private readonly logger: Logger;\n\n  constructor(context: string) {\n    this.logger = new Logger({ \n      serviceName: 'FireflyBackend',\n      context: context \n    });\n  }\n\n  public info(message: string, meta?: any) {\n    this.logger.info(message, meta);\n  }\n\n  public error(message: string, error?: Error, meta?: any) {\n    this.logger.error(message, error, meta);\n  }\n  \n  public warn(message: string, meta?: any) {\n    this.logger.warn(message, meta);\n  }\n\n  public debug(message: string, meta?: any) {\n    this.logger.debug(message, meta);\n  }\n}"]},"_coverageSchema":"1a1c01bbd47fc00a2c39e90264f33305004495a9","hash":"58c16bd281dd45117a57506d02bfc1901f2f224d","contentHash":"aad711bc42a38e42785aeb67de46c6aa1bbf09cd9c9e5ef3bca97369379ca725"},"/Users/user/Documents/GitHub/firefly/backend/src/config/logger.ts":{"path":"/Users/user/Documents/GitHub/firefly/backend/src/config/logger.ts","statementMap":{"0":{"start":{"line":2,"column":22},"end":{"line":4,"column":1}},"1":{"start":{"line":3,"column":4},"end":{"line":3,"column":62}},"2":{"start":{"line":5,"column":0},"end":{"line":5,"column":62}},"3":{"start":{"line":6,"column":18},"end":{"line":6,"column":53}},"4":{"start":{"line":7,"column":36},"end":{"line":7,"column":89}},"5":{"start":{"line":8,"column":16},"end":{"line":8,"column":49}},"6":{"start":{"line":9,"column":20},"end":{"line":9,"column":66}},"7":{"start":{"line":10,"column":18},"end":{"line":18,"column":36}},"8":{"start":{"line":11,"column":17},"end":{"line":11,"column":75}},"9":{"start":{"line":12,"column":53},"end":{"line":12,"column":57}},"10":{"start":{"line":13,"column":23},"end":{"line":13,"column":52}},"11":{"start":{"line":14,"column":4},"end":{"line":16,"column":5}},"12":{"start":{"line":15,"column":8},"end":{"line":15,"column":177}},"13":{"start":{"line":17,"column":4},"end":{"line":17,"column":64}},"14":{"start":{"line":19,"column":33},"end":{"line":26,"column":2}},"15":{"start":{"line":27,"column":34},"end":{"line":34,"column":2}},"16":{"start":{"line":35,"column":19},"end":{"line":114,"column":1}},"17":{"start":{"line":37,"column":33},"end":{"line":37,"column":39}},"18":{"start":{"line":38,"column":4},"end":{"line":112,"column":5}},"19":{"start":{"line":40,"column":12},"end":{"line":49,"column":15}},"20":{"start":{"line":50,"column":12},"end":{"line":50,"column":18}},"21":{"start":{"line":52,"column":12},"end":{"line":64,"column":15}},"22":{"start":{"line":65,"column":12},"end":{"line":65,"column":18}},"23":{"start":{"line":67,"column":12},"end":{"line":79,"column":15}},"24":{"start":{"line":80,"column":12},"end":{"line":80,"column":18}},"25":{"start":{"line":82,"column":12},"end":{"line":96,"column":15}},"26":{"start":{"line":97,"column":12},"end":{"line":97,"column":18}},"27":{"start":{"line":99,"column":12},"end":{"line":111,"column":15}},"28":{"start":{"line":113,"column":4},"end":{"line":113,"column":18}},"29":{"start":{"line":117,"column":57},"end":{"line":117,"column":63}},"30":{"start":{"line":118,"column":8},"end":{"line":118,"column":31}},"31":{"start":{"line":119,"column":8},"end":{"line":123,"column":11}},"32":{"start":{"line":126,"column":8},"end":{"line":129,"column":10}},"33":{"start":{"line":132,"column":8},"end":{"line":132,"column":57}},"34":{"start":{"line":135,"column":8},"end":{"line":144,"column":12}},"35":{"start":{"line":147,"column":8},"end":{"line":147,"column":57}},"36":{"start":{"line":150,"column":8},"end":{"line":150,"column":58}},"37":{"start":{"line":153,"column":8},"end":{"line":153,"column":31}},"38":{"start":{"line":156,"column":0},"end":{"line":156,"column":25}},"39":{"start":{"line":157,"column":15},"end":{"line":160,"column":2}},"40":{"start":{"line":161,"column":0},"end":{"line":161,"column":23}}},"fnMap":{"0":{"name":"(anonymous_0)","decl":{"start":{"line":2,"column":56},"end":{"line":2,"column":57}},"loc":{"start":{"line":2,"column":71},"end":{"line":4,"column":1}},"line":2},"1":{"name":"(anonymous_1)","decl":{"start":{"line":10,"column":133},"end":{"line":10,"column":134}},"loc":{"start":{"line":10,"column":143},"end":{"line":18,"column":1}},"line":10},"2":{"name":"(anonymous_2)","decl":{"start":{"line":35,"column":19},"end":{"line":35,"column":20}},"loc":{"start":{"line":35,"column":31},"end":{"line":114,"column":1}},"line":35},"3":{"name":"(anonymous_3)","decl":{"start":{"line":116,"column":4},"end":{"line":116,"column":5}},"loc":{"start":{"line":116,"column":24},"end":{"line":124,"column":5}},"line":116},"4":{"name":"(anonymous_4)","decl":{"start":{"line":125,"column":4},"end":{"line":125,"column":5}},"loc":{"start":{"line":125,"column":21},"end":{"line":130,"column":5}},"line":125},"5":{"name":"(anonymous_5)","decl":{"start":{"line":131,"column":4},"end":{"line":131,"column":5}},"loc":{"start":{"line":131,"column":24},"end":{"line":133,"column":5}},"line":131},"6":{"name":"(anonymous_6)","decl":{"start":{"line":134,"column":4},"end":{"line":134,"column":5}},"loc":{"start":{"line":134,"column":32},"end":{"line":145,"column":5}},"line":134},"7":{"name":"(anonymous_7)","decl":{"start":{"line":146,"column":4},"end":{"line":146,"column":5}},"loc":{"start":{"line":146,"column":24},"end":{"line":148,"column":5}},"line":146},"8":{"name":"(anonymous_8)","decl":{"start":{"line":149,"column":4},"end":{"line":149,"column":5}},"loc":{"start":{"line":149,"column":25},"end":{"line":151,"column":5}},"line":149},"9":{"name":"(anonymous_9)","decl":{"start":{"line":152,"column":4},"end":{"line":152,"column":5}},"loc":{"start":{"line":152,"column":24},"end":{"line":154,"column":5}},"line":152}},"branchMap":{"0":{"loc":{"start":{"line":2,"column":22},"end":{"line":4,"column":1}},"type":"binary-expr","locations":[{"start":{"line":2,"column":23},"end":{"line":2,"column":27}},{"start":{"line":2,"column":31},"end":{"line":2,"column":51}},{"start":{"line":2,"column":56},"end":{"line":4,"column":1}}],"line":2},"1":{"loc":{"start":{"line":3,"column":11},"end":{"line":3,"column":61}},"type":"cond-expr","locations":[{"start":{"line":3,"column":37},"end":{"line":3,"column":40}},{"start":{"line":3,"column":43},"end":{"line":3,"column":61}}],"line":3},"2":{"loc":{"start":{"line":3,"column":12},"end":{"line":3,"column":33}},"type":"binary-expr","locations":[{"start":{"line":3,"column":12},"end":{"line":3,"column":15}},{"start":{"line":3,"column":19},"end":{"line":3,"column":33}}],"line":3},"3":{"loc":{"start":{"line":13,"column":23},"end":{"line":13,"column":52}},"type":"cond-expr","locations":[{"start":{"line":13,"column":33},"end":{"line":13,"column":47}},{"start":{"line":13,"column":50},"end":{"line":13,"column":52}}],"line":13},"4":{"loc":{"start":{"line":14,"column":4},"end":{"line":16,"column":5}},"type":"if","locations":[{"start":{"line":14,"column":4},"end":{"line":16,"column":5}},{"start":{},"end":{}}],"line":14},"5":{"loc":{"start":{"line":15,"column":57},"end":{"line":15,"column":109}},"type":"cond-expr","locations":[{"start":{"line":15,"column":72},"end":{"line":15,"column":99}},{"start":{"line":15,"column":102},"end":{"line":15,"column":109}}],"line":15},"6":{"loc":{"start":{"line":15,"column":113},"end":{"line":15,"column":174}},"type":"cond-expr","locations":[{"start":{"line":15,"column":143},"end":{"line":15,"column":169}},{"start":{"line":15,"column":172},"end":{"line":15,"column":174}}],"line":15},"7":{"loc":{"start":{"line":15,"column":113},"end":{"line":15,"column":140}},"type":"binary-expr","locations":[{"start":{"line":15,"column":113},"end":{"line":15,"column":125}},{"start":{"line":15,"column":129},"end":{"line":15,"column":140}}],"line":15},"8":{"loc":{"start":{"line":38,"column":4},"end":{"line":112,"column":5}},"type":"switch","locations":[{"start":{"line":39,"column":8},"end":{"line":50,"column":18}},{"start":{"line":51,"column":8},"end":{"line":65,"column":18}},{"start":{"line":66,"column":8},"end":{"line":80,"column":18}},{"start":{"line":81,"column":8},"end":{"line":97,"column":18}},{"start":{"line":98,"column":8},"end":{"line":111,"column":15}}],"line":38},"9":{"loc":{"start":{"line":117,"column":16},"end":{"line":117,"column":30}},"type":"default-arg","locations":[{"start":{"line":117,"column":24},"end":{"line":117,"column":30}}],"line":117},"10":{"loc":{"start":{"line":128,"column":16},"end":{"line":128,"column":57}},"type":"binary-expr","locations":[{"start":{"line":128,"column":16},"end":{"line":128,"column":28}},{"start":{"line":128,"column":32},"end":{"line":128,"column":57}}],"line":128},"11":{"loc":{"start":{"line":136,"column":16},"end":{"line":142,"column":13}},"type":"binary-expr","locations":[{"start":{"line":136,"column":16},"end":{"line":136,"column":21}},{"start":{"line":136,"column":25},"end":{"line":142,"column":13}}],"line":136}},"s":{"0":1,"1":4,"2":1,"3":1,"4":1,"5":1,"6":1,"7":1,"8":4,"9":4,"10":4,"11":4,"12":0,"13":4,"14":1,"15":1,"16":1,"17":5,"18":5,"19":0,"20":0,"21":0,"22":0,"23":0,"24":0,"25":5,"26":5,"27":0,"28":5,"29":5,"30":5,"31":5,"32":2,"33":2,"34":0,"35":0,"36":0,"37":0,"38":1,"39":1,"40":1},"f":{"0":4,"1":4,"2":5,"3":5,"4":2,"5":2,"6":0,"7":0,"8":0,"9":0},"b":{"0":[1,1,1],"1":[1,3],"2":[4,4],"3":[0,4],"4":[0,4],"5":[0,0],"6":[0,0],"7":[0,0],"8":[0,0,0,5,0],"9":[5],"10":[2,0],"11":[0,0]},"inputSourceMap":{"version":3,"file":"/Users/user/Documents/GitHub/firefly/backend/src/config/logger.ts","sources":["/Users/user/Documents/GitHub/firefly/backend/src/config/logger.ts"],"names":[],"mappings":";;;;;AAAA,sDAA2D;AAC3D,0FAAwD;AACxD,kDAA0B;AAC1B,mEAAqC;AASrC,MAAM,SAAS,GAAG,iBAAO,CAAC,MAAM,CAAC,OAAO,CACtC,iBAAO,CAAC,MAAM,CAAC,MAAM,CAAC,EAAE,KAAK,EAAE,IAAI,EAAE,CAAC,EACtC,iBAAO,CAAC,MAAM,CAAC,MAAM,CAAC,CAAC,IAAS,EAAE,EAAE;IAClC,MAAM,IAAI,GAAG,GAAG,IAAA,eAAK,GAAE,CAAC,MAAM,CAAC,sBAAsB,CAAC,EAAE,CAAC;IACzD,MAAM,EAAE,KAAK,EAAE,OAAO,EAAE,KAAK,EAAE,IAAI,EAAE,OAAO,EAAE,GAAG,IAAI,CAAC;IAGtD,MAAM,UAAU,GAAG,OAAO,CAAC,CAAC,CAAC,IAAI,OAAO,GAAG,CAAC,CAAC,CAAC,EAAE,CAAC;IAEjD,IAAI,KAAK,IAAI,OAAO,EAAE,CAAC;QACrB,OAAO,QAAQ,KAAK,MAAM,IAAI,KAAK,UAAU,IAC3C,IAAI,IAAI,IAAI,CAAC,CAAC,CAAC,IAAI,IAAI,SAAS,OAAO,GAAG,CAAC,CAAC,CAAC,OAC/C,IAAI,IAAI,IAAI,IAAI,IAAI,IAAI,IAAI,GAAG,CAAC,CAAC,CAAC,mBAAmB,KAAK,EAAE,CAAC,CAAC,CAAC,EAAE,EAAE,CAAC;IACtE,CAAC;IAED,OAAO,IAAI,IAAI,QAAQ,KAAK,KAAK,UAAU,OAAO,OAAO,EAAE,CAAC;AAC9D,CAAC,CAAC,EACF,iBAAO,CAAC,MAAM,CAAC,IAAI,EAAE,CACtB,CAAC;AAEF,MAAM,wBAAwB,GAAG,IAAI,mCAAe,CAAC;IACnD,QAAQ,EAAE,eAAe;IACzB,aAAa,EAAE,IAAI;IACnB,OAAO,EAAE,KAAK;IACd,QAAQ,EAAE,KAAK;IACf,KAAK,EAAE,MAAM;IACb,SAAS,EAAE,MAAM;CAClB,CAAC,CAAC;AAEH,MAAM,yBAAyB,GAAG,IAAI,mCAAe,CAAC;IACpD,QAAQ,EAAE,gBAAgB;IAC1B,aAAa,EAAE,IAAI;IACnB,OAAO,EAAE,KAAK;IACd,QAAQ,EAAE,KAAK;IACf,KAAK,EAAE,OAAO;IACd,SAAS,EAAE,MAAM;CAClB,CAAC,CAAC;AAEH,MAAM,UAAU,GAAG,CAAC,MAAoB,EAAE,EAAE;IAC1C,IAAI,MAAM,CAAC;IACX,MAAM,EAAE,GAAG,EAAE,WAAW,EAAE,GAAG,MAAM,CAAC;IAEpC,QAAQ,GAAG,EAAE,CAAC;QACZ,KAAK,YAAY;YACf,MAAM,GAAG,iBAAO,CAAC,YAAY,CAAC;gBAC5B,KAAK,EAAE,MAAM;gBACb,MAAM,EAAE,SAAS;gBACjB,WAAW,EAAE,EAAE,OAAO,EAAE,WAAW,EAAE;gBACrC,UAAU,EAAE;oBACV,wBAAwB;oBACxB,yBAAyB;iBAC1B;gBACD,WAAW,EAAE,KAAK;aACnB,CAAC,CAAC;YACH,MAAM;QACR,KAAK,aAAa;YAChB,MAAM,GAAG,iBAAO,CAAC,YAAY,CAAC;gBAC5B,KAAK,EAAE,MAAM;gBACb,MAAM,EAAE,SAAS;gBACjB,WAAW,EAAE,EAAE,OAAO,EAAE,WAAW,EAAE;gBACrC,UAAU,EAAE;oBACV,wBAAwB;oBACxB,yBAAyB;oBACzB,IAAI,iBAAO,CAAC,UAAU,CAAC,OAAO,CAAC;wBAC7B,MAAM,EAAE,iBAAO,CAAC,MAAM,CAAC,OAAO,CAC5B,iBAAO,CAAC,MAAM,CAAC,QAAQ,EAAE,EACzB,iBAAO,CAAC,MAAM,CAAC,MAAM,EAAE,CACxB;qBACF,CAAC;iBACH;gBACD,WAAW,EAAE,KAAK;aACnB,CAAC,CAAC;YACH,MAAM;QACR,KAAK,SAAS;YACZ,MAAM,GAAG,iBAAO,CAAC,YAAY,CAAC;gBAC5B,KAAK,EAAE,MAAM;gBACb,MAAM,EAAE,SAAS;gBACjB,WAAW,EAAE,EAAE,OAAO,EAAE,WAAW,EAAE;gBACrC,UAAU,EAAE;oBACV,wBAAwB;oBACxB,yBAAyB;oBACzB,IAAI,iBAAO,CAAC,UAAU,CAAC,OAAO,CAAC;wBAC7B,MAAM,EAAE,iBAAO,CAAC,MAAM,CAAC,OAAO,CAC5B,iBAAO,CAAC,MAAM,CAAC,QAAQ,EAAE,EACzB,iBAAO,CAAC,MAAM,CAAC,MAAM,EAAE,CACxB;qBACF,CAAC;iBACH;gBACD,WAAW,EAAE,KAAK;aACnB,CAAC,CAAC;YACH,MAAM;QACR,KAAK,MAAM;YACT,MAAM,GAAG,iBAAO,CAAC,YAAY,CAAC;gBAC5B,KAAK,EAAE,MAAM;gBACb,MAAM,EAAE,SAAS;gBACjB,WAAW,EAAE,EAAE,OAAO,EAAE,WAAW,EAAE;gBACrC,UAAU,EAAE;oBACV,wBAAwB;oBACxB,yBAAyB;oBACzB,IAAI,iBAAO,CAAC,UAAU,CAAC,IAAI,CAAC;wBAC1B,QAAQ,EAAE,gBAAgB;wBAC1B,OAAO,EAAE,GAAG;wBACZ,MAAM,EAAE,SAAS;qBAClB,CAAC;iBACH;gBACD,WAAW,EAAE,KAAK;aACnB,CAAC,CAAC;YACH,MAAM;QACR;YACE,MAAM,GAAG,iBAAO,CAAC,YAAY,CAAC;gBAC5B,KAAK,EAAE,MAAM;gBACb,MAAM,EAAE,SAAS;gBACjB,WAAW,EAAE,EAAE,OAAO,EAAE,WAAW,EAAE;gBACrC,UAAU,EAAE;oBACV,wBAAwB;oBACxB,yBAAyB;oBACzB,IAAI,iBAAO,CAAC,UAAU,CAAC,OAAO,CAAC;wBAC7B,MAAM,EAAE,iBAAO,CAAC,MAAM,CAAC,OAAO,CAC5B,iBAAO,CAAC,MAAM,CAAC,QAAQ,EAAE,EACzB,iBAAO,CAAC,MAAM,CAAC,MAAM,EAAE,CACxB;qBACF,CAAC;iBACH;gBACD,WAAW,EAAE,KAAK;aACnB,CAAC,CAAC;IACP,CAAC;IAED,OAAO,MAAM,CAAC;AAChB,CAAC,CAAC;AAEF,MAAM,MAAM;IAIV,YAAY,MAAoB;QAC9B,MAAM,EACJ,KAAK,GAAG,MAAM,EACd,WAAW,EACX,OAAO,EACR,GAAG,MAAM,CAAC;QAEX,IAAI,CAAC,OAAO,GAAG,OAAO,CAAC;QACvB,IAAI,CAAC,MAAM,GAAG,UAAU,CAAC;YACvB,GAAG,EAAE,mBAAG,CAAC,GAAG,CAAS,UAAU,CAAC;YAChC,WAAW;YACX,KAAK;SACN,CAAC,CAAC;IACL,CAAC;IAGO,UAAU,CAAC,IAA0B;QAC3C,OAAO;YACL,GAAG,IAAI;YACP,GAAG,CAAC,IAAI,CAAC,OAAO,IAAI,EAAE,OAAO,EAAE,IAAI,CAAC,OAAO,EAAE,CAAC;SAC/C,CAAC;IACJ,CAAC;IAED,IAAI,CAAC,OAAe,EAAE,IAA0B;QAC9C,IAAI,CAAC,MAAM,CAAC,IAAI,CAAC,OAAO,EAAE,IAAI,CAAC,UAAU,CAAC,IAAI,CAAC,CAAC,CAAC;IACnD,CAAC;IAED,KAAK,CAAC,OAAe,EAAE,KAAa,EAAE,IAA0B;QAC9D,IAAI,CAAC,MAAM,CAAC,KAAK,CAAC,OAAO,EAAE,IAAI,CAAC,UAAU,CAAC;YACzC,GAAG,CAAC,KAAK,IAAI;gBACX,KAAK,EAAE;oBACL,IAAI,EAAE,KAAK,CAAC,IAAI;oBAChB,OAAO,EAAE,KAAK,CAAC,OAAO;oBACtB,KAAK,EAAE,KAAK,CAAC,KAAK;iBACnB;aACF,CAAC;YACF,GAAG,IAAI;SACR,CAAC,CAAC,CAAC;IACN,CAAC;IAED,IAAI,CAAC,OAAe,EAAE,IAA0B;QAC9C,IAAI,CAAC,MAAM,CAAC,IAAI,CAAC,OAAO,EAAE,IAAI,CAAC,UAAU,CAAC,IAAI,CAAC,CAAC,CAAC;IACnD,CAAC;IAED,KAAK,CAAC,OAAe,EAAE,IAA0B;QAC/C,IAAI,CAAC,MAAM,CAAC,KAAK,CAAC,OAAO,EAAE,IAAI,CAAC,UAAU,CAAC,IAAI,CAAC,CAAC,CAAC;IACpD,CAAC;IAGD,UAAU,CAAC,OAAe;QACxB,IAAI,CAAC,OAAO,GAAG,OAAO,CAAC;IACzB,CAAC;CACF;AAED,kBAAe,MAAM,CAAC;AAEtB,MAAM,MAAM,GAAG,IAAI,MAAM,CAAC;IACxB,WAAW,EAAE,iBAAiB;IAC9B,GAAG,EAAE,mBAAG,CAAC,GAAG,CAAS,UAAU,CAAC;CACjC,CAAC,CAAC;AAKH,MAAM,CAAC,MAAM,GAAG,MAAM,CAAC","sourcesContent":["import winston, { Logger as WinstonLogger } from 'winston';\nimport DailyRotateFile from 'winston-daily-rotate-file';\nimport dayjs from 'dayjs';\nimport Env from '../utils/envholder';\n\nexport interface LoggerConfig {\n  level?: string;\n  serviceName?: string;\n  env?: string;\n  context?: string;\n}\n\nconst logFormat = winston.format.combine(\n  winston.format.errors({ stack: true }),\n  winston.format.printf((info: any) => {\n    const time = `${dayjs().format('YYYY-MM-DD, HH:mm:ss')}`;\n    const { level, message, stack, code, context } = info;\n    \n    // Add context to the log message if it exists\n    const contextStr = context ? `[${context}]` : '';\n\n    if (level == 'error') {\n      return `[❌❌❌ ${level}] [${time}] ${contextStr} ${\n        code != null ? `[${code}] -> [${message}]` : message\n      } ${code == null || code >= 500 ? `$[ERR_STACK] -> ${stack}` : ''}`;\n    }\n\n    return `[${time}] | [${level}] ${contextStr} -> ${message}`;\n  }),\n  winston.format.json(),\n);\n\nconst infoLogRotationTransport = new DailyRotateFile({\n  filename: './/logs//info',\n  zippedArchive: true,\n  maxSize: '10m',\n  maxFiles: '80d',\n  level: 'info',\n  extension: '.log'\n});\n\nconst errorLogRotationTransport = new DailyRotateFile({\n  filename: './/logs//error',\n  zippedArchive: true,\n  maxSize: '10m',\n  maxFiles: '80d',\n  level: 'error',\n  extension: '.log'\n});\n\nconst loggerInfo = (config: LoggerConfig) => {\n  let logger;\n  const { env, serviceName } = config;\n  \n  switch (env) {\n    case 'production':\n      logger = winston.createLogger({\n        level: 'info',\n        format: logFormat,\n        defaultMeta: { service: serviceName },\n        transports: [\n          infoLogRotationTransport,\n          errorLogRotationTransport\n        ],\n        exitOnError: false\n      });\n      break;\n    case 'development':\n      logger = winston.createLogger({\n        level: 'info',\n        format: logFormat,\n        defaultMeta: { service: serviceName },\n        transports: [\n          infoLogRotationTransport,\n          errorLogRotationTransport,\n          new winston.transports.Console({\n            format: winston.format.combine(\n              winston.format.colorize(),\n              winston.format.simple()\n            )\n          })\n        ],\n        exitOnError: false\n      });\n      break;\n    case 'staging':\n      logger = winston.createLogger({\n        level: 'info',\n        format: logFormat,\n        defaultMeta: { service: serviceName },\n        transports: [\n          infoLogRotationTransport,\n          errorLogRotationTransport,\n          new winston.transports.Console({\n            format: winston.format.combine(\n              winston.format.colorize(),\n              winston.format.simple()\n            )\n          })\n        ],\n        exitOnError: false\n      });\n      break;\n    case 'test':\n      logger = winston.createLogger({\n        level: 'info',\n        format: logFormat,\n        defaultMeta: { service: serviceName },\n        transports: [\n          infoLogRotationTransport,\n          errorLogRotationTransport,\n          new winston.transports.File({\n            filename: 'logs/error.log',\n            maxsize: 500,\n            format: logFormat\n          })\n        ],\n        exitOnError: false\n      });\n      break;\n    default:\n      logger = winston.createLogger({\n        level: 'info',\n        format: logFormat,\n        defaultMeta: { service: serviceName },\n        transports: [\n          infoLogRotationTransport,\n          errorLogRotationTransport,\n          new winston.transports.Console({\n            format: winston.format.combine(\n              winston.format.colorize(),\n              winston.format.simple()\n            )\n          })\n        ],\n        exitOnError: false\n      });\n  }\n  \n  return logger;\n};\n\nclass Logger {\n  private logger: WinstonLogger;\n  private context?: string;\n\n  constructor(config: LoggerConfig) {\n    const { \n      level = 'info', \n      serviceName,\n      context\n    } = config;\n\n    this.context = context;\n    this.logger = loggerInfo({ \n      env: Env.get<string>('NODE_ENV'), \n      serviceName, \n      level \n    });\n  }\n\n  // Add context to metadata\n  private addContext(meta?: Record<string, any>): Record<string, any> {\n    return {\n      ...meta,\n      ...(this.context && { context: this.context })\n    };\n  }\n\n  info(message: string, meta?: Record<string, any>): void {\n    this.logger.info(message, this.addContext(meta));\n  }\n\n  error(message: string, error?: Error, meta?: Record<string, any>): void {\n    this.logger.error(message, this.addContext({ \n      ...(error && { \n        error: { \n          name: error.name, \n          message: error.message, \n          stack: error.stack \n        } \n      }),\n      ...meta\n    }));\n  }\n\n  warn(message: string, meta?: Record<string, any>): void {\n    this.logger.warn(message, this.addContext(meta));\n  }\n\n  debug(message: string, meta?: Record<string, any>): void {\n    this.logger.debug(message, this.addContext(meta));\n  }\n\n  // Method to change context dynamically if needed\n  setContext(context: string): void {\n    this.context = context;\n  }\n}\n\nexport default Logger;\n\nconst logger = new Logger({\n  serviceName: 'pokemon-backend',\n  env: Env.get<string>('NODE_ENV'),\n});\ndeclare global {\n  // eslint-disable-next-line no-var\n  var logger: Logger;\n}\nglobal.logger = logger;\n"]},"_coverageSchema":"1a1c01bbd47fc00a2c39e90264f33305004495a9","hash":"36d0fa59f19df2eeb3fbb4032f117c69989ba5b7","contentHash":"049958a5e9bef365ec7ec198db5cea80e9a07a68669126a869d00625f2e77a36"},"/Users/user/Documents/GitHub/firefly/backend/src/utils/envholder.ts":{"path":"/Users/user/Documents/GitHub/firefly/backend/src/utils/envholder.ts","statementMap":{"0":{"start":{"line":2,"column":22},"end":{"line":4,"column":1}},"1":{"start":{"line":3,"column":4},"end":{"line":3,"column":62}},"2":{"start":{"line":5,"column":0},"end":{"line":5,"column":62}},"3":{"start":{"line":6,"column":17},"end":{"line":6,"column":34}},"4":{"start":{"line":7,"column":14},"end":{"line":7,"column":55}},"5":{"start":{"line":8,"column":0},"end":{"line":8,"column":29}},"6":{"start":{"line":11,"column":8},"end":{"line":16,"column":9}},"7":{"start":{"line":12,"column":12},"end":{"line":12,"column":84}},"8":{"start":{"line":15,"column":12},"end":{"line":15,"column":20}},"9":{"start":{"line":19,"column":8},"end":{"line":20,"column":42}},"10":{"start":{"line":20,"column":12},"end":{"line":20,"column":42}},"11":{"start":{"line":21,"column":8},"end":{"line":21,"column":34}},"12":{"start":{"line":24,"column":0},"end":{"line":24,"column":22}}},"fnMap":{"0":{"name":"(anonymous_0)","decl":{"start":{"line":2,"column":56},"end":{"line":2,"column":57}},"loc":{"start":{"line":2,"column":71},"end":{"line":4,"column":1}},"line":2},"1":{"name":"(anonymous_1)","decl":{"start":{"line":10,"column":4},"end":{"line":10,"column":5}},"loc":{"start":{"line":10,"column":47},"end":{"line":17,"column":5}},"line":10},"2":{"name":"(anonymous_2)","decl":{"start":{"line":18,"column":4},"end":{"line":18,"column":5}},"loc":{"start":{"line":18,"column":20},"end":{"line":22,"column":5}},"line":18}},"branchMap":{"0":{"loc":{"start":{"line":2,"column":22},"end":{"line":4,"column":1}},"type":"binary-expr","locations":[{"start":{"line":2,"column":23},"end":{"line":2,"column":27}},{"start":{"line":2,"column":31},"end":{"line":2,"column":51}},{"start":{"line":2,"column":56},"end":{"line":4,"column":1}}],"line":2},"1":{"loc":{"start":{"line":3,"column":11},"end":{"line":3,"column":61}},"type":"cond-expr","locations":[{"start":{"line":3,"column":37},"end":{"line":3,"column":40}},{"start":{"line":3,"column":43},"end":{"line":3,"column":61}}],"line":3},"2":{"loc":{"start":{"line":3,"column":12},"end":{"line":3,"column":33}},"type":"binary-expr","locations":[{"start":{"line":3,"column":12},"end":{"line":3,"column":15}},{"start":{"line":3,"column":19},"end":{"line":3,"column":33}}],"line":3},"3":{"loc":{"start":{"line":19,"column":8},"end":{"line":20,"column":42}},"type":"if","locations":[{"start":{"line":19,"column":8},"end":{"line":20,"column":42}},{"start":{},"end":{}}],"line":19}},"s":{"0":1,"1":1,"2":1,"3":1,"4":1,"5":1,"6":0,"7":0,"8":0,"9":6,"10":0,"11":6,"12":1},"f":{"0":1,"1":0,"2":6},"b":{"0":[1,1,1],"1":[1,0],"2":[1,1],"3":[0,6]},"inputSourceMap":{"version":3,"file":"/Users/user/Documents/GitHub/firefly/backend/src/utils/envholder.ts","sources":["/Users/user/Documents/GitHub/firefly/backend/src/utils/envholder.ts"],"names":[],"mappings":";;;;;AAAA,mCAAsC;AAEtC,wDAAmC;AAEnC,IAAA,qBAAY,GAAE,CAAC;AAEf,MAAqB,GAAG;IAGf,MAAM,CAAC,KAAK,CAAC,WAAW,CAAI,gBAAqC;QAEtE,IAAI,CAAC;YACH,IAAI,CAAC,YAAY,GAAG,MAAM,gBAAgB,CAAC,aAAa,CAAC,aAAM,CAAC,CAAC;QACnE,CAAC;QAAC,OAAO,CAAC,EAAE,CAAC;YACX,MAAM,CAAC,CAAC;QACV,CAAC;IACH,CAAC;IAEM,MAAM,CAAC,GAAG,CAAa,GAAW;QACvC,IAAI,IAAI,CAAC,YAAY,EAAE,CAAC,GAAG,CAAC,IAAI,IAAI;YAAE,OAAO,IAAI,CAAC,YAAY,CAAC,GAAG,CAAM,CAAC;QACzE,OAAQ,aAAc,CAAC,GAAG,CAAM,CAAC;IACnC,CAAC;CACF;AAhBD,sBAgBC","sourcesContent":["import { configDotenv } from 'dotenv';\nimport Joi from 'joi';\nimport config from '../config/env';\n\nconfigDotenv();\n\nexport default class Env {\n  private static validatedEnv: any;\n\n  public static async validateEnv<T>(validationSchema: Joi.ObjectSchema<T>) {\n    // eslint-disable-next-line no-useless-catch\n    try {\n      this.validatedEnv = await validationSchema.validateAsync(config);\n    } catch (e) {\n      throw e;\n    }\n  }\n\n  public static get<T = string>(key: string) {\n    if (this.validatedEnv?.[key] != null) return this.validatedEnv[key] as T;\n    return (config as any)[key] as T;\n  }\n}\n"]},"_coverageSchema":"1a1c01bbd47fc00a2c39e90264f33305004495a9","hash":"7a8cb4382bff3260264b377dc9384857d0fedc36","contentHash":"4a0cdc96b0dc10e20e36ee62be0a22fbc69d0f705d11be12d45447e24f9e8754"},"/Users/user/Documents/GitHub/firefly/backend/src/config/env/index.ts":{"path":"/Users/user/Documents/GitHub/firefly/backend/src/config/env/index.ts","statementMap":{"0":{"start":{"line":2,"column":22},"end":{"line":4,"column":1}},"1":{"start":{"line":3,"column":4},"end":{"line":3,"column":62}},"2":{"start":{"line":5,"column":0},"end":{"line":5,"column":62}},"3":{"start":{"line":6,"column":22},"end":{"line":6,"column":63}},"4":{"start":{"line":7,"column":21},"end":{"line":7,"column":61}},"5":{"start":{"line":8,"column":15},"end":{"line":8,"column":49}},"6":{"start":{"line":9,"column":0},"end":{"line":14,"column":49}}},"fnMap":{"0":{"name":"(anonymous_0)","decl":{"start":{"line":2,"column":56},"end":{"line":2,"column":57}},"loc":{"start":{"line":2,"column":71},"end":{"line":4,"column":1}},"line":2}},"branchMap":{"0":{"loc":{"start":{"line":2,"column":22},"end":{"line":4,"column":1}},"type":"binary-expr","locations":[{"start":{"line":2,"column":23},"end":{"line":2,"column":27}},{"start":{"line":2,"column":31},"end":{"line":2,"column":51}},{"start":{"line":2,"column":56},"end":{"line":4,"column":1}}],"line":2},"1":{"loc":{"start":{"line":3,"column":11},"end":{"line":3,"column":61}},"type":"cond-expr","locations":[{"start":{"line":3,"column":37},"end":{"line":3,"column":40}},{"start":{"line":3,"column":43},"end":{"line":3,"column":61}}],"line":3},"2":{"loc":{"start":{"line":3,"column":12},"end":{"line":3,"column":33}},"type":"binary-expr","locations":[{"start":{"line":3,"column":12},"end":{"line":3,"column":15}},{"start":{"line":3,"column":19},"end":{"line":3,"column":33}}],"line":3},"3":{"loc":{"start":{"line":14,"column":2},"end":{"line":14,"column":47}},"type":"binary-expr","locations":[{"start":{"line":14,"column":2},"end":{"line":14,"column":30}},{"start":{"line":14,"column":34},"end":{"line":14,"column":47}}],"line":14}},"s":{"0":1,"1":3,"2":1,"3":1,"4":1,"5":1,"6":1},"f":{"0":3},"b":{"0":[1,1,1],"1":[3,0],"2":[3,3],"3":[1,0]},"inputSourceMap":{"version":3,"file":"/Users/user/Documents/GitHub/firefly/backend/src/config/env/index.ts","sources":["/Users/user/Documents/GitHub/firefly/backend/src/config/env/index.ts"],"names":[],"mappings":";;;;;AAAA,gEAAwC;AACxC,8DAAsC;AACtC,kDAA0B;AAE1B,kBAAe;IACb,WAAW,EAAX,qBAAW;IACX,UAAU,EAAV,oBAAU;IACV,IAAI,EAAJ,cAAI;IACJ,OAAO,EAAE,cAAI;CACd,CAAC,OAAO,CAAC,GAAG,CAAC,gBAAgB,IAAI,aAAa,CAAC,CAAC","sourcesContent":["import development from './development';\nimport production from './production';\nimport test from './test';\n\nexport default {\n  development,\n  production,\n  test,\n  staging: test,\n}[process.env.FIREFLY_NODE_ENV || 'development'];"]},"_coverageSchema":"1a1c01bbd47fc00a2c39e90264f33305004495a9","hash":"3e099103495a5e49ea1c0e33300ecdd0a76b5394","contentHash":"3f3acee38f4749c7def12342c9277955eac6b14bcebc0138787608a43a3f37da"},"/Users/user/Documents/GitHub/firefly/backend/src/config/env/development.ts":{"path":"/Users/user/Documents/GitHub/firefly/backend/src/config/env/development.ts","statementMap":{"0":{"start":{"line":2,"column":0},"end":{"line":2,"column":62}},"1":{"start":{"line":3,"column":17},"end":{"line":3,"column":34}},"2":{"start":{"line":4,"column":0},"end":{"line":4,"column":29}},"3":{"start":{"line":5,"column":20},"end":{"line":10,"column":1}},"4":{"start":{"line":11,"column":0},"end":{"line":11,"column":30}}},"fnMap":{},"branchMap":{},"s":{"0":1,"1":1,"2":1,"3":1,"4":1},"f":{},"b":{},"inputSourceMap":{"version":3,"file":"/Users/user/Documents/GitHub/firefly/backend/src/config/env/development.ts","sources":["/Users/user/Documents/GitHub/firefly/backend/src/config/env/development.ts"],"names":[],"mappings":";;AAAA,mCAAsC;AACtC,IAAA,qBAAY,GAAE,CAAC;AAEf,MAAM,WAAW,GAAG;IAClB,QAAQ,EAAE,OAAO,CAAC,GAAG,CAAC,gBAAgB;IACtC,IAAI,EAAE,OAAO,CAAC,GAAG,CAAC,YAAY;IAC9B,aAAa,EAAE,OAAO,CAAC,GAAG,CAAC,aAAa;IACxC,YAAY,EAAE,OAAO,CAAC,GAAG,CAAC,YAAY;CACvC,CAAA;AAED,kBAAe,WAAW,CAAC","sourcesContent":["import { configDotenv } from 'dotenv';\nconfigDotenv();\n\nconst development = {\n  NODE_ENV: process.env.FIREFLY_NODE_ENV,\n  PORT: process.env.FIREFLY_PORT,\n  DATABASE_NAME: process.env.DATABASE_NAME,\n  DATABASE_URL: process.env.DATABASE_URL,\n}\n\nexport default development;"]},"_coverageSchema":"1a1c01bbd47fc00a2c39e90264f33305004495a9","hash":"00274df85a235c6dd70412eed92e468bbf8b6971","contentHash":"105591f5fcab8106fc86793aaab8291b0e2c82fd867c59606c1641eb0ce12108"},"/Users/user/Documents/GitHub/firefly/backend/src/config/env/production.ts":{"path":"/Users/user/Documents/GitHub/firefly/backend/src/config/env/production.ts","statementMap":{"0":{"start":{"line":2,"column":0},"end":{"line":2,"column":62}},"1":{"start":{"line":3,"column":17},"end":{"line":3,"column":34}},"2":{"start":{"line":4,"column":0},"end":{"line":4,"column":29}},"3":{"start":{"line":5,"column":19},"end":{"line":10,"column":1}},"4":{"start":{"line":11,"column":0},"end":{"line":11,"column":29}}},"fnMap":{},"branchMap":{},"s":{"0":1,"1":1,"2":1,"3":1,"4":1},"f":{},"b":{},"inputSourceMap":{"version":3,"file":"/Users/user/Documents/GitHub/firefly/backend/src/config/env/production.ts","sources":["/Users/user/Documents/GitHub/firefly/backend/src/config/env/production.ts"],"names":[],"mappings":";;AAAA,mCAAsC;AACtC,IAAA,qBAAY,GAAE,CAAC;AAEf,MAAM,UAAU,GAAG;IACjB,QAAQ,EAAE,OAAO,CAAC,GAAG,CAAC,kBAAkB;IACxC,IAAI,EAAE,OAAO,CAAC,GAAG,CAAC,YAAY;IAC9B,aAAa,EAAE,OAAO,CAAC,GAAG,CAAC,aAAa;IACxC,YAAY,EAAE,OAAO,CAAC,GAAG,CAAC,YAAY;CACvC,CAAA;AAED,kBAAe,UAAU,CAAC","sourcesContent":["import { configDotenv } from 'dotenv';\nconfigDotenv();\n\nconst production = {\n  NODE_ENV: process.env.STASHWISE_NODE_ENV,\n  PORT: process.env.FIREFLY_PORT,\n  DATABASE_NAME: process.env.DATABASE_NAME,\n  DATABASE_URL: process.env.DATABASE_URL,\n}\n\nexport default production;"]},"_coverageSchema":"1a1c01bbd47fc00a2c39e90264f33305004495a9","hash":"3d3ef35377885eb02ea219289bd33a02568f000e","contentHash":"4bdaf9ab2487f2baae81085fe5077c87d6c4581859a0957d10f17132735dd4a9"},"/Users/user/Documents/GitHub/firefly/backend/src/config/env/test.ts":{"path":"/Users/user/Documents/GitHub/firefly/backend/src/config/env/test.ts","statementMap":{"0":{"start":{"line":2,"column":0},"end":{"line":2,"column":62}},"1":{"start":{"line":3,"column":17},"end":{"line":3,"column":34}},"2":{"start":{"line":4,"column":0},"end":{"line":4,"column":29}},"3":{"start":{"line":5,"column":13},"end":{"line":10,"column":1}},"4":{"start":{"line":11,"column":0},"end":{"line":11,"column":23}}},"fnMap":{},"branchMap":{},"s":{"0":1,"1":1,"2":1,"3":1,"4":1},"f":{},"b":{},"inputSourceMap":{"version":3,"file":"/Users/user/Documents/GitHub/firefly/backend/src/config/env/test.ts","sources":["/Users/user/Documents/GitHub/firefly/backend/src/config/env/test.ts"],"names":[],"mappings":";;AAAA,mCAAsC;AACtC,IAAA,qBAAY,GAAE,CAAC;AAEf,MAAM,IAAI,GAAG;IACX,QAAQ,EAAE,OAAO,CAAC,GAAG,CAAC,gBAAgB;IACtC,IAAI,EAAE,OAAO,CAAC,GAAG,CAAC,YAAY;IAC9B,aAAa,EAAE,OAAO,CAAC,GAAG,CAAC,aAAa;IACxC,YAAY,EAAE,OAAO,CAAC,GAAG,CAAC,YAAY;CACvC,CAAA;AAED,kBAAe,IAAI,CAAC","sourcesContent":["import { configDotenv } from 'dotenv';\nconfigDotenv();\n\nconst test = {\n  NODE_ENV: process.env.FIREFLY_NODE_ENV,\n  PORT: process.env.FIREFLY_PORT,\n  DATABASE_NAME: process.env.DATABASE_NAME,\n  DATABASE_URL: process.env.DATABASE_URL,\n}\n\nexport default test;"]},"_coverageSchema":"1a1c01bbd47fc00a2c39e90264f33305004495a9","hash":"d9421421a75207c3f3f1e4c0a84fd7b885c3fd1a","contentHash":"9c286db465ba04ee0b58a4bedce0536845b60c09292c2f7d4a8699a278a7f46b"},"/Users/user/Documents/GitHub/firefly/backend/src/config/express.ts":{"path":"/Users/user/Documents/GitHub/firefly/backend/src/config/express.ts","statementMap":{"0":{"start":{"line":2,"column":22},"end":{"line":4,"column":1}},"1":{"start":{"line":3,"column":4},"end":{"line":3,"column":62}},"2":{"start":{"line":5,"column":0},"end":{"line":5,"column":62}},"3":{"start":{"line":6,"column":18},"end":{"line":6,"column":53}},"4":{"start":{"line":7,"column":15},"end":{"line":7,"column":47}},"5":{"start":{"line":8,"column":17},"end":{"line":8,"column":51}},"6":{"start":{"line":9,"column":17},"end":{"line":9,"column":51}},"7":{"start":{"line":10,"column":31},"end":{"line":10,"column":79}},"8":{"start":{"line":11,"column":22},"end":{"line":11,"column":61}},"9":{"start":{"line":12,"column":42},"end":{"line":12,"column":98}},"10":{"start":{"line":13,"column":17},"end":{"line":13,"column":37}},"11":{"start":{"line":14,"column":15},"end":{"line":14,"column":32}},"12":{"start":{"line":15,"column":0},"end":{"line":15,"column":31}},"13":{"start":{"line":16,"column":0},"end":{"line":16,"column":84}},"14":{"start":{"line":17,"column":12},"end":{"line":17,"column":36}},"15":{"start":{"line":18,"column":0},"end":{"line":18,"column":34}},"16":{"start":{"line":19,"column":0},"end":{"line":19,"column":58}},"17":{"start":{"line":20,"column":0},"end":{"line":20,"column":38}},"18":{"start":{"line":21,"column":0},"end":{"line":21,"column":49}},"19":{"start":{"line":22,"column":0},"end":{"line":22,"column":44}},"20":{"start":{"line":23,"column":0},"end":{"line":23,"column":33}},"21":{"start":{"line":24,"column":0},"end":{"line":24,"column":28}},"22":{"start":{"line":25,"column":0},"end":{"line":25,"column":38}},"23":{"start":{"line":26,"column":0},"end":{"line":26,"column":62}},"24":{"start":{"line":26,"column":31},"end":{"line":26,"column":60}},"25":{"start":{"line":27,"column":0},"end":{"line":27,"column":56}},"26":{"start":{"line":28,"column":0},"end":{"line":32,"column":4}},"27":{"start":{"line":28,"column":20},"end":{"line":32,"column":2}},"28":{"start":{"line":33,"column":0},"end":{"line":33,"column":72}},"29":{"start":{"line":34,"column":0},"end":{"line":34,"column":22}}},"fnMap":{"0":{"name":"(anonymous_0)","decl":{"start":{"line":2,"column":56},"end":{"line":2,"column":57}},"loc":{"start":{"line":2,"column":71},"end":{"line":4,"column":1}},"line":2},"1":{"name":"(anonymous_1)","decl":{"start":{"line":26,"column":19},"end":{"line":26,"column":20}},"loc":{"start":{"line":26,"column":31},"end":{"line":26,"column":60}},"line":26},"2":{"name":"(anonymous_2)","decl":{"start":{"line":28,"column":8},"end":{"line":28,"column":9}},"loc":{"start":{"line":28,"column":20},"end":{"line":32,"column":2}},"line":28}},"branchMap":{"0":{"loc":{"start":{"line":2,"column":22},"end":{"line":4,"column":1}},"type":"binary-expr","locations":[{"start":{"line":2,"column":23},"end":{"line":2,"column":27}},{"start":{"line":2,"column":31},"end":{"line":2,"column":51}},{"start":{"line":2,"column":56},"end":{"line":4,"column":1}}],"line":2},"1":{"loc":{"start":{"line":3,"column":11},"end":{"line":3,"column":61}},"type":"cond-expr","locations":[{"start":{"line":3,"column":37},"end":{"line":3,"column":40}},{"start":{"line":3,"column":43},"end":{"line":3,"column":61}}],"line":3},"2":{"loc":{"start":{"line":3,"column":12},"end":{"line":3,"column":33}},"type":"binary-expr","locations":[{"start":{"line":3,"column":12},"end":{"line":3,"column":15}},{"start":{"line":3,"column":19},"end":{"line":3,"column":33}}],"line":3}},"s":{"0":1,"1":6,"2":1,"3":1,"4":1,"5":1,"6":1,"7":1,"8":1,"9":1,"10":1,"11":1,"12":1,"13":1,"14":1,"15":1,"16":1,"17":1,"18":1,"19":1,"20":1,"21":1,"22":1,"23":1,"24":0,"25":1,"26":1,"27":0,"28":1,"29":1},"f":{"0":6,"1":0,"2":0},"b":{"0":[1,1,1],"1":[0,6],"2":[6,6]},"inputSourceMap":{"version":3,"file":"/Users/user/Documents/GitHub/firefly/backend/src/config/express.ts","sources":["/Users/user/Documents/GitHub/firefly/backend/src/config/express.ts"],"names":[],"mappings":";;;;;AAAA,sDAA8B;AAC9B,gDAAwB;AACxB,oDAA4B;AAC5B,oDAA4B;AAC5B,gFAA6C;AAC7C,8DAAsC;AACtC,mGAA6F;AAC7F,sCAAiD;AACjD,iCAAqC;AAErC,+BAA6B;AAE7B,8BAAS,CAAC,QAAQ,CAAC,OAAO,GAAG,EAAE,IAAI,EAAE,IAAI,EAAE,UAAU,EAAE,KAAK,EAAE,CAAC;AAE/D,MAAM,GAAG,GAAG,IAAA,iBAAO,GAAE,CAAC;AACtB,GAAG,CAAC,GAAG,CAAC,iBAAO,CAAC,IAAI,EAAE,CAAC,CAAC;AACxB,GAAG,CAAC,GAAG,CAAC,iBAAO,CAAC,UAAU,CAAC,EAAE,QAAQ,EAAE,IAAI,EAAE,CAAC,CAAC,CAAC;AAChD,GAAG,CAAC,GAAG,CAAC,IAAA,qBAAW,GAAE,CAAC,CAAC;AAEvB,GAAG,CAAC,GAAG,CAAC,IAAA,cAAI,EAAC,kBAAW,CAAC,CAAC,CAAC;AAE3B,GAAG,CAAC,GAAG,CAAC,iBAAO,CAAC,MAAM,CAAC,QAAQ,CAAC,CAAC,CAAC;AAGlC,GAAG,CAAC,GAAG,CAAC,IAAA,gBAAM,GAAE,CAAC,CAAC;AAClB,GAAG,CAAC,OAAO,CAAC,cAAc,CAAC,CAAC;AAC5B,GAAG,CAAC,GAAG,CAAC,IAAA,gBAAM,EAAC,KAAK,CAAC,CAAC,CAAA;AAEtB,GAAG,CAAC,GAAG,CAAC,SAAS,EAAE,CAAC,CAAC,EAAE,GAAG,EAAE,EAAE,CAAC,GAAG,CAAC,IAAI,CAAC,EAAE,OAAO,EAAE,MAAM,EAAE,CAAC,CAAC,CAAC;AAE9D,GAAG,CAAC,GAAG,CAAC,mBAAU,CAAC,OAAO,EAAE,iBAAQ,CAAC,CAAC;AAEtC,GAAG,CAAC,GAAG,CAAC,CAAC,CAAC,EAAE,GAAG,EAAE,EAAE,CACjB,GAAG,CAAC,MAAM,CAAC,GAAG,CAAC,CAAC,IAAI,CAAC;IACnB,MAAM,EAAE,OAAO;IACf,IAAI,EAAE,GAAG;IACT,OAAO,EAAE,oBAAoB;CAC9B,CAAC,CACH,CAAC;AAEF,GAAG,CAAC,GAAG,CAAC,8DAA4B,CAAC,CAAC;AAEtC,kBAAe,GAAG,CAAC","sourcesContent":["import express from 'express';\nimport cors from 'cors';\nimport helmet from 'helmet';\nimport morgan from 'morgan';\nimport paginator from \"mongoose-paginate-v2\";\nimport compression from 'compression';\nimport { GlobalErrorCatcherMiddleware } from '../middleware/global-error-catcher.middleware';\nimport { ROUTE_BASE, v1Router } from '../routes';\nimport { corsOptions } from './cors';\n\nimport '../helper/scheduler';\n\npaginator.paginate.options = { lean: true, leanWithId: false };\n\nconst app = express();\napp.use(express.json());\napp.use(express.urlencoded({ extended: true }));\napp.use(compression());\n\napp.use(cors(corsOptions));\n\napp.use(express.static('public'));\n\n// Use helmet to secure Express headers\napp.use(helmet());\napp.disable('x-powered-by');\napp.use(morgan(\"dev\"))\n\napp.get('/health', (_, res) => res.json({ message: 'Okay' }));\n\napp.use(ROUTE_BASE.V1_PATH, v1Router);\n\napp.use((_, res) =>\n  res.status(404).json({\n    status: 'error',\n    code: 404,\n    message: 'Resource Not Found'\n  })\n);\n\napp.use(GlobalErrorCatcherMiddleware); // must be last applied middleware to catch globalErrs\n\nexport default app;\n"]},"_coverageSchema":"1a1c01bbd47fc00a2c39e90264f33305004495a9","hash":"f09b37965b8b295a87af1032c0637f90e6a351cc","contentHash":"6a0e7baaf59e5261b189bff85053998dc7c878b0146619579779cc46a77bf144"},"/Users/user/Documents/GitHub/firefly/backend/src/middleware/global-error-catcher.middleware.ts":{"path":"/Users/user/Documents/GitHub/firefly/backend/src/middleware/global-error-catcher.middleware.ts","statementMap":{"0":{"start":{"line":2,"column":0},"end":{"line":2,"column":62}},"1":{"start":{"line":3,"column":0},"end":{"line":3,"column":68}},"2":{"start":{"line":4,"column":17},"end":{"line":4,"column":43}},"3":{"start":{"line":6,"column":28},"end":{"line":6,"column":65}},"4":{"start":{"line":7,"column":4},"end":{"line":10,"column":5}},"5":{"start":{"line":8,"column":8},"end":{"line":8,"column":54}},"6":{"start":{"line":9,"column":8},"end":{"line":9,"column":15}},"7":{"start":{"line":11,"column":4},"end":{"line":11,"column":43}}},"fnMap":{"0":{"name":"GlobalErrorCatcherMiddleware","decl":{"start":{"line":5,"column":9},"end":{"line":5,"column":37}},"loc":{"start":{"line":5,"column":61},"end":{"line":12,"column":1}},"line":5}},"branchMap":{"0":{"loc":{"start":{"line":7,"column":4},"end":{"line":10,"column":5}},"type":"if","locations":[{"start":{"line":7,"column":4},"end":{"line":10,"column":5}},{"start":{},"end":{}}],"line":7},"1":{"loc":{"start":{"line":7,"column":8},"end":{"line":7,"column":45}},"type":"binary-expr","locations":[{"start":{"line":7,"column":8},"end":{"line":7,"column":25}},{"start":{"line":7,"column":29},"end":{"line":7,"column":45}}],"line":7}},"s":{"0":1,"1":1,"2":1,"3":0,"4":0,"5":0,"6":0,"7":0},"f":{"0":0},"b":{"0":[0,0],"1":[0,0]},"inputSourceMap":{"version":3,"file":"/Users/user/Documents/GitHub/firefly/backend/src/middleware/global-error-catcher.middleware.ts","sources":["/Users/user/Documents/GitHub/firefly/backend/src/middleware/global-error-catcher.middleware.ts"],"names":[],"mappings":";;AAGA,oEAcC;AAhBD,4CAAgD;AAEhD,SAAgB,4BAA4B,CAC1C,GAAQ,EACR,IAAa,EACb,GAAa,EAEb,KAAmB;IAEnB,MAAM,eAAe,GAAG,GAAG,YAAY,sBAAa,CAAC;IAErD,IAAI,GAAG,EAAE,IAAI,IAAI,IAAI,IAAI,CAAC,eAAe,EAAE,CAAC;QAC1C,GAAG,CAAC,MAAM,CAAC,GAAG,CAAC,CAAC,IAAI,CAAC,uBAAuB,CAAC,CAAC;QAC9C,OAAO;IACT,CAAC;IACD,GAAG,CAAC,MAAM,CAAC,GAAG,CAAC,IAAI,CAAC,CAAC,IAAI,CAAC,GAAG,CAAC,OAAO,CAAC,CAAC;AACzC,CAAC","sourcesContent":["import { NextFunction, Request, Response } from 'express';\nimport { HttpException } from '../utils/errors';\n\nexport function GlobalErrorCatcherMiddleware(\n  err: any,\n  _req: Request,\n  res: Response,\n  // eslint-disable-next-line @typescript-eslint/no-unused-vars\n  _next: NextFunction\n) {\n  const isHttpException = err instanceof HttpException;\n\n  if (err?.code == null || !isHttpException) {\n    res.status(500).send('Internal Server Error');\n    return;\n  }\n  res.status(err.code).send(err.message);\n}\n"]},"_coverageSchema":"1a1c01bbd47fc00a2c39e90264f33305004495a9","hash":"418bec8bfa1994599200ed7c19f40c7a8e176f55","contentHash":"a82090b76404e859a9413d53436c2965dd1647a65ba4c6157e7f26addc4fd322"},"/Users/user/Documents/GitHub/firefly/backend/src/utils/errors.ts":{"path":"/Users/user/Documents/GitHub/firefly/backend/src/utils/errors.ts","statementMap":{"0":{"start":{"line":2,"column":0},"end":{"line":2,"column":62}},"1":{"start":{"line":3,"column":0},"end":{"line":3,"column":276}},"2":{"start":{"line":6,"column":8},"end":{"line":6,"column":23}},"3":{"start":{"line":7,"column":8},"end":{"line":7,"column":25}},"4":{"start":{"line":10,"column":0},"end":{"line":10,"column":38}},"5":{"start":{"line":13,"column":8},"end":{"line":13,"column":61}},"6":{"start":{"line":16,"column":0},"end":{"line":16,"column":68}},"7":{"start":{"line":19,"column":8},"end":{"line":19,"column":59}},"8":{"start":{"line":22,"column":0},"end":{"line":22,"column":66}},"9":{"start":{"line":25,"column":8},"end":{"line":25,"column":48}},"10":{"start":{"line":28,"column":0},"end":{"line":28,"column":46}},"11":{"start":{"line":31,"column":8},"end":{"line":31,"column":51}},"12":{"start":{"line":34,"column":0},"end":{"line":34,"column":36}},"13":{"start":{"line":37,"column":8},"end":{"line":37,"column":49}},"14":{"start":{"line":40,"column":0},"end":{"line":40,"column":48}},"15":{"start":{"line":43,"column":8},"end":{"line":43,"column":52}},"16":{"start":{"line":46,"column":0},"end":{"line":46,"column":54}},"17":{"start":{"line":49,"column":8},"end":{"line":49,"column":49}},"18":{"start":{"line":52,"column":0},"end":{"line":52,"column":46}},"19":{"start":{"line":53,"column":26},"end":{"line":59,"column":1}},"20":{"start":{"line":54,"column":4},"end":{"line":58,"column":7}},"21":{"start":{"line":60,"column":0},"end":{"line":60,"column":46}}},"fnMap":{"0":{"name":"(anonymous_0)","decl":{"start":{"line":5,"column":4},"end":{"line":5,"column":5}},"loc":{"start":{"line":5,"column":31},"end":{"line":8,"column":5}},"line":5},"1":{"name":"(anonymous_1)","decl":{"start":{"line":12,"column":4},"end":{"line":12,"column":5}},"loc":{"start":{"line":12,"column":31},"end":{"line":14,"column":5}},"line":12},"2":{"name":"(anonymous_2)","decl":{"start":{"line":18,"column":4},"end":{"line":18,"column":5}},"loc":{"start":{"line":18,"column":31},"end":{"line":20,"column":5}},"line":18},"3":{"name":"(anonymous_3)","decl":{"start":{"line":24,"column":4},"end":{"line":24,"column":5}},"loc":{"start":{"line":24,"column":31},"end":{"line":26,"column":5}},"line":24},"4":{"name":"(anonymous_4)","decl":{"start":{"line":30,"column":4},"end":{"line":30,"column":5}},"loc":{"start":{"line":30,"column":31},"end":{"line":32,"column":5}},"line":30},"5":{"name":"(anonymous_5)","decl":{"start":{"line":36,"column":4},"end":{"line":36,"column":5}},"loc":{"start":{"line":36,"column":31},"end":{"line":38,"column":5}},"line":36},"6":{"name":"(anonymous_6)","decl":{"start":{"line":42,"column":4},"end":{"line":42,"column":5}},"loc":{"start":{"line":42,"column":31},"end":{"line":44,"column":5}},"line":42},"7":{"name":"(anonymous_7)","decl":{"start":{"line":48,"column":4},"end":{"line":48,"column":5}},"loc":{"start":{"line":48,"column":31},"end":{"line":50,"column":5}},"line":48},"8":{"name":"(anonymous_8)","decl":{"start":{"line":53,"column":26},"end":{"line":53,"column":27}},"loc":{"start":{"line":53,"column":54},"end":{"line":59,"column":1}},"line":53}},"branchMap":{"0":{"loc":{"start":{"line":13,"column":19},"end":{"line":13,"column":59}},"type":"binary-expr","locations":[{"start":{"line":13,"column":19},"end":{"line":13,"column":32}},{"start":{"line":13,"column":36},"end":{"line":13,"column":59}}],"line":13},"1":{"loc":{"start":{"line":19,"column":19},"end":{"line":19,"column":57}},"type":"binary-expr","locations":[{"start":{"line":19,"column":19},"end":{"line":19,"column":32}},{"start":{"line":19,"column":36},"end":{"line":19,"column":57}}],"line":19},"2":{"loc":{"start":{"line":25,"column":19},"end":{"line":25,"column":46}},"type":"binary-expr","locations":[{"start":{"line":25,"column":19},"end":{"line":25,"column":32}},{"start":{"line":25,"column":36},"end":{"line":25,"column":46}}],"line":25},"3":{"loc":{"start":{"line":31,"column":19},"end":{"line":31,"column":49}},"type":"binary-expr","locations":[{"start":{"line":31,"column":19},"end":{"line":31,"column":32}},{"start":{"line":31,"column":36},"end":{"line":31,"column":49}}],"line":31},"4":{"loc":{"start":{"line":37,"column":19},"end":{"line":37,"column":47}},"type":"binary-expr","locations":[{"start":{"line":37,"column":19},"end":{"line":37,"column":32}},{"start":{"line":37,"column":36},"end":{"line":37,"column":47}}],"line":37},"5":{"loc":{"start":{"line":43,"column":19},"end":{"line":43,"column":50}},"type":"binary-expr","locations":[{"start":{"line":43,"column":19},"end":{"line":43,"column":32}},{"start":{"line":43,"column":36},"end":{"line":43,"column":50}}],"line":43},"6":{"loc":{"start":{"line":49,"column":19},"end":{"line":49,"column":47}},"type":"binary-expr","locations":[{"start":{"line":49,"column":19},"end":{"line":49,"column":32}},{"start":{"line":49,"column":36},"end":{"line":49,"column":47}}],"line":49}},"s":{"0":1,"1":1,"2":0,"3":0,"4":1,"5":0,"6":1,"7":0,"8":1,"9":0,"10":1,"11":0,"12":1,"13":0,"14":1,"15":0,"16":1,"17":0,"18":1,"19":1,"20":0,"21":1},"f":{"0":0,"1":0,"2":0,"3":0,"4":0,"5":0,"6":0,"7":0,"8":0},"b":{"0":[0,0],"1":[0,0],"2":[0,0],"3":[0,0],"4":[0,0],"5":[0,0],"6":[0,0]},"inputSourceMap":{"version":3,"file":"/Users/user/Documents/GitHub/firefly/backend/src/utils/errors.ts","sources":["/Users/user/Documents/GitHub/firefly/backend/src/utils/errors.ts"],"names":[],"mappings":";;;AAEA,MAAa,aAAc,SAAQ,KAAK;IACtC,YAA4B,IAAY,EAAE,OAAe;QACvD,KAAK,CAAC,OAAO,CAAC,CAAC;QADW,SAAI,GAAJ,IAAI,CAAQ;IAExC,CAAC;CACF;AAJD,sCAIC;AAED,MAAa,4BAA6B,SAAQ,aAAa;IAC7D,YAAY,aAAsB;QAChC,KAAK,CAAC,GAAG,EAAE,aAAa,IAAI,uBAAuB,CAAC,CAAC;IACvD,CAAC;CACF;AAJD,oEAIC;AAED,MAAa,2BAA4B,SAAQ,aAAa;IAC5D,YAAY,aAAsB;QAChC,KAAK,CAAC,GAAG,EAAE,aAAa,IAAI,qBAAqB,CAAC,CAAC;IACrD,CAAC;CACF;AAJD,kEAIC;AAED,MAAa,iBAAkB,SAAQ,aAAa;IAClD,YAAY,aAAsB;QAChC,KAAK,CAAC,GAAG,EAAE,aAAa,IAAI,UAAU,CAAC,CAAC;IAC1C,CAAC;CACF;AAJD,8CAIC;AAED,MAAa,YAAa,SAAQ,aAAa;IAC7C,YAAY,aAAsB;QAChC,KAAK,CAAC,GAAG,EAAE,aAAa,IAAI,aAAa,CAAC,CAAC;IAC7C,CAAC;CACF;AAJD,oCAIC;AAED,MAAa,kBAAmB,SAAQ,aAAa;IACnD,YAAY,aAAsB;QAChC,KAAK,CAAC,GAAG,EAAE,aAAa,IAAI,WAAW,CAAC,CAAC;IAC3C,CAAC;CACF;AAJD,gDAIC;AAED,MAAa,qBAAsB,SAAQ,aAAa;IACtD,YAAY,aAAsB;QAChC,KAAK,CAAC,GAAG,EAAE,aAAa,IAAI,cAAc,CAAC,CAAC;IAC9C,CAAC;CACF;AAJD,sDAIC;AAED,MAAa,iBAAkB,SAAQ,aAAa;IAClD,YAAY,aAAsB;QAChC,KAAK,CAAC,GAAG,EAAE,aAAa,IAAI,WAAW,CAAC,CAAC;IAC3C,CAAC;CACF;AAJD,8CAIC;AAEM,MAAM,iBAAiB,GAAG,CAC/B,GAAa,EACb,KAAU,EACV,UAAkB,EAClB,EAAE;IACF,OAAO,GAAG,CAAC,MAAM,CAAC,UAAU,CAAC,CAAC,IAAI,CAAC;QACjC,MAAM,EAAE,OAAO;QACf,UAAU,EAAE,UAAU;QACtB,OAAO,EAAE,KAAK,CAAC,OAAO;KACvB,CAAC,CAAC;AACL,CAAC,CAAC;AAVW,QAAA,iBAAiB,qBAU5B","sourcesContent":["import { Response } from 'express';\n\nexport class HttpException extends Error {\n  constructor(public readonly code: number, message: string) {\n    super(message);\n  }\n}\n\nexport class InternalServerErrorException extends HttpException {\n  constructor(customMessage?: string) {\n    super(500, customMessage ?? 'Internal Server Error');\n  }\n}\n\nexport class ServiceUnavailableException extends HttpException {\n  constructor(customMessage?: string) {\n    super(503, customMessage ?? 'Service Unavailable');\n  }\n}\n\nexport class ConflictException extends HttpException {\n  constructor(customMessage?: string) {\n    super(409, customMessage ?? 'Conflict');\n  }\n}\n\nexport class BadException extends HttpException {\n  constructor(customMessage?: string) {\n    super(400, customMessage ?? 'Bad Request');\n  }\n}\n\nexport class ForbiddenException extends HttpException {\n  constructor(customMessage?: string) {\n    super(403, customMessage ?? 'Forbidden');\n  }\n}\n\nexport class UnAuthorizedException extends HttpException {\n  constructor(customMessage?: string) {\n    super(401, customMessage ?? 'UNAUTHORIZED');\n  }\n}\n\nexport class NotFoundException extends HttpException {\n  constructor(customMessage?: string) {\n    super(404, customMessage ?? 'Not Found');\n  }\n}\n\nexport const handleCustomError = (\n  res: Response,\n  error: any,\n  statusCode: number\n) => {\n  return res.status(statusCode).json({\n    status: 'error',\n    statusCode: statusCode,\n    message: error.message\n  });\n};\n"]},"_coverageSchema":"1a1c01bbd47fc00a2c39e90264f33305004495a9","hash":"cf045cbe2dd436ff5df3226ff23b87ec3ca86e81","contentHash":"fbf18e7387c7c1a7c9842f5e9b5ea20f7c0666432db3b28ba7a802b5c7e56674"},"/Users/user/Documents/GitHub/firefly/backend/src/routes/index.ts":{"path":"/Users/user/Documents/GitHub/firefly/backend/src/routes/index.ts","statementMap":{"0":{"start":{"line":2,"column":22},"end":{"line":12,"column":3}},"1":{"start":{"line":3,"column":4},"end":{"line":3,"column":33}},"2":{"start":{"line":3,"column":26},"end":{"line":3,"column":33}},"3":{"start":{"line":4,"column":15},"end":{"line":4,"column":52}},"4":{"start":{"line":5,"column":4},"end":{"line":7,"column":5}},"5":{"start":{"line":6,"column":6},"end":{"line":6,"column":68}},"6":{"start":{"line":6,"column":51},"end":{"line":6,"column":63}},"7":{"start":{"line":8,"column":4},"end":{"line":8,"column":39}},"8":{"start":{"line":10,"column":4},"end":{"line":10,"column":33}},"9":{"start":{"line":10,"column":26},"end":{"line":10,"column":33}},"10":{"start":{"line":11,"column":4},"end":{"line":11,"column":17}},"11":{"start":{"line":13,"column":19},"end":{"line":15,"column":1}},"12":{"start":{"line":14,"column":4},"end":{"line":14,"column":126}},"13":{"start":{"line":14,"column":21},"end":{"line":14,"column":126}},"14":{"start":{"line":14,"column":95},"end":{"line":14,"column":126}},"15":{"start":{"line":16,"column":0},"end":{"line":16,"column":62}},"16":{"start":{"line":17,"column":0},"end":{"line":17,"column":48}},"17":{"start":{"line":18,"column":0},"end":{"line":18,"column":39}},"18":{"start":{"line":19,"column":0},"end":{"line":19,"column":27}},"19":{"start":{"line":20,"column":0},"end":{"line":22,"column":2}}},"fnMap":{"0":{"name":"(anonymous_0)","decl":{"start":{"line":2,"column":74},"end":{"line":2,"column":75}},"loc":{"start":{"line":2,"column":96},"end":{"line":9,"column":1}},"line":2},"1":{"name":"(anonymous_1)","decl":{"start":{"line":6,"column":38},"end":{"line":6,"column":39}},"loc":{"start":{"line":6,"column":49},"end":{"line":6,"column":65}},"line":6},"2":{"name":"(anonymous_2)","decl":{"start":{"line":9,"column":6},"end":{"line":9,"column":7}},"loc":{"start":{"line":9,"column":28},"end":{"line":12,"column":1}},"line":9},"3":{"name":"(anonymous_3)","decl":{"start":{"line":13,"column":50},"end":{"line":13,"column":51}},"loc":{"start":{"line":13,"column":71},"end":{"line":15,"column":1}},"line":13}},"branchMap":{"0":{"loc":{"start":{"line":2,"column":22},"end":{"line":12,"column":3}},"type":"binary-expr","locations":[{"start":{"line":2,"column":23},"end":{"line":2,"column":27}},{"start":{"line":2,"column":31},"end":{"line":2,"column":51}},{"start":{"line":2,"column":57},"end":{"line":12,"column":2}}],"line":2},"1":{"loc":{"start":{"line":2,"column":57},"end":{"line":12,"column":2}},"type":"cond-expr","locations":[{"start":{"line":2,"column":74},"end":{"line":9,"column":1}},{"start":{"line":9,"column":6},"end":{"line":12,"column":1}}],"line":2},"2":{"loc":{"start":{"line":3,"column":4},"end":{"line":3,"column":33}},"type":"if","locations":[{"start":{"line":3,"column":4},"end":{"line":3,"column":33}},{"start":{},"end":{}}],"line":3},"3":{"loc":{"start":{"line":5,"column":4},"end":{"line":7,"column":5}},"type":"if","locations":[{"start":{"line":5,"column":4},"end":{"line":7,"column":5}},{"start":{},"end":{}}],"line":5},"4":{"loc":{"start":{"line":5,"column":8},"end":{"line":5,"column":85}},"type":"binary-expr","locations":[{"start":{"line":5,"column":8},"end":{"line":5,"column":13}},{"start":{"line":5,"column":18},"end":{"line":5,"column":84}}],"line":5},"5":{"loc":{"start":{"line":5,"column":18},"end":{"line":5,"column":84}},"type":"cond-expr","locations":[{"start":{"line":5,"column":34},"end":{"line":5,"column":47}},{"start":{"line":5,"column":50},"end":{"line":5,"column":84}}],"line":5},"6":{"loc":{"start":{"line":5,"column":50},"end":{"line":5,"column":84}},"type":"binary-expr","locations":[{"start":{"line":5,"column":50},"end":{"line":5,"column":63}},{"start":{"line":5,"column":67},"end":{"line":5,"column":84}}],"line":5},"7":{"loc":{"start":{"line":10,"column":4},"end":{"line":10,"column":33}},"type":"if","locations":[{"start":{"line":10,"column":4},"end":{"line":10,"column":33}},{"start":{},"end":{}}],"line":10},"8":{"loc":{"start":{"line":13,"column":19},"end":{"line":15,"column":1}},"type":"binary-expr","locations":[{"start":{"line":13,"column":20},"end":{"line":13,"column":24}},{"start":{"line":13,"column":28},"end":{"line":13,"column":45}},{"start":{"line":13,"column":50},"end":{"line":15,"column":1}}],"line":13},"9":{"loc":{"start":{"line":14,"column":21},"end":{"line":14,"column":126}},"type":"if","locations":[{"start":{"line":14,"column":21},"end":{"line":14,"column":126}},{"start":{},"end":{}}],"line":14},"10":{"loc":{"start":{"line":14,"column":25},"end":{"line":14,"column":93}},"type":"binary-expr","locations":[{"start":{"line":14,"column":25},"end":{"line":14,"column":40}},{"start":{"line":14,"column":44},"end":{"line":14,"column":93}}],"line":14}},"s":{"0":1,"1":1,"2":1,"3":1,"4":1,"5":1,"6":1,"7":1,"8":0,"9":0,"10":0,"11":1,"12":1,"13":1,"14":1,"15":1,"16":1,"17":1,"18":1,"19":1},"f":{"0":1,"1":1,"2":0,"3":1},"b":{"0":[1,1,1],"1":[1,0],"2":[1,0],"3":[1,0],"4":[1,1],"5":[0,1],"6":[1,0],"7":[0,0],"8":[1,1,1],"9":[1,0],"10":[1,1]},"inputSourceMap":{"version":3,"file":"/Users/user/Documents/GitHub/firefly/backend/src/routes/index.ts","sources":["/Users/user/Documents/GitHub/firefly/backend/src/routes/index.ts"],"names":[],"mappings":";;;;;;;;;;;;;;;;;AAAA,uCAAqB;AAER,QAAA,SAAS,GAAG,MAAM,CAAC;AAEnB,QAAA,UAAU,GAAG;IACxB,OAAO,EAAE,GAAG,iBAAS,KAAK;CAC3B,CAAC","sourcesContent":["export * from './v1';\n\nexport const BASE_PATH = '/api';\n\nexport const ROUTE_BASE = {\n  V1_PATH: `${BASE_PATH}/v1`,\n};\n"]},"_coverageSchema":"1a1c01bbd47fc00a2c39e90264f33305004495a9","hash":"d14fd9dc2c4cadb79cfbce6548b238fdb05e2b53","contentHash":"6cea39cc85bfc86d0ddf5db2478c1684aaa5999f370896a02a82f422bd6128f7"},"/Users/user/Documents/GitHub/firefly/backend/src/routes/v1/index.ts":{"path":"/Users/user/Documents/GitHub/firefly/backend/src/routes/v1/index.ts","statementMap":{"0":{"start":{"line":2,"column":22},"end":{"line":4,"column":1}},"1":{"start":{"line":3,"column":4},"end":{"line":3,"column":62}},"2":{"start":{"line":5,"column":0},"end":{"line":5,"column":62}},"3":{"start":{"line":6,"column":0},"end":{"line":6,"column":26}},"4":{"start":{"line":7,"column":18},"end":{"line":7,"column":53}},"5":{"start":{"line":8,"column":25},"end":{"line":8,"column":69}},"6":{"start":{"line":9,"column":27},"end":{"line":9,"column":73}},"7":{"start":{"line":10,"column":32},"end":{"line":10,"column":81}},"8":{"start":{"line":11,"column":23},"end":{"line":11,"column":65}},"9":{"start":{"line":12,"column":18},"end":{"line":12,"column":44}},"10":{"start":{"line":13,"column":0},"end":{"line":18,"column":3}},"11":{"start":{"line":14,"column":4},"end":{"line":17,"column":7}},"12":{"start":{"line":19,"column":0},"end":{"line":19,"column":100}},"13":{"start":{"line":20,"column":0},"end":{"line":20,"column":104}},"14":{"start":{"line":21,"column":0},"end":{"line":21,"column":91}},"15":{"start":{"line":22,"column":0},"end":{"line":22,"column":29}}},"fnMap":{"0":{"name":"(anonymous_0)","decl":{"start":{"line":2,"column":56},"end":{"line":2,"column":57}},"loc":{"start":{"line":2,"column":71},"end":{"line":4,"column":1}},"line":2},"1":{"name":"(anonymous_1)","decl":{"start":{"line":13,"column":19},"end":{"line":13,"column":20}},"loc":{"start":{"line":13,"column":34},"end":{"line":18,"column":1}},"line":13}},"branchMap":{"0":{"loc":{"start":{"line":2,"column":22},"end":{"line":4,"column":1}},"type":"binary-expr","locations":[{"start":{"line":2,"column":23},"end":{"line":2,"column":27}},{"start":{"line":2,"column":31},"end":{"line":2,"column":51}},{"start":{"line":2,"column":56},"end":{"line":4,"column":1}}],"line":2},"1":{"loc":{"start":{"line":3,"column":11},"end":{"line":3,"column":61}},"type":"cond-expr","locations":[{"start":{"line":3,"column":37},"end":{"line":3,"column":40}},{"start":{"line":3,"column":43},"end":{"line":3,"column":61}}],"line":3},"2":{"loc":{"start":{"line":3,"column":12},"end":{"line":3,"column":33}},"type":"binary-expr","locations":[{"start":{"line":3,"column":12},"end":{"line":3,"column":15}},{"start":{"line":3,"column":19},"end":{"line":3,"column":33}}],"line":3}},"s":{"0":1,"1":4,"2":1,"3":1,"4":1,"5":1,"6":1,"7":1,"8":1,"9":1,"10":1,"11":0,"12":1,"13":1,"14":1,"15":1},"f":{"0":4,"1":0},"b":{"0":[1,1,1],"1":[3,1],"2":[4,4]},"inputSourceMap":{"version":3,"file":"/Users/user/Documents/GitHub/firefly/backend/src/routes/v1/index.ts","sources":["/Users/user/Documents/GitHub/firefly/backend/src/routes/v1/index.ts"],"names":[],"mappings":";;;;;;AAAA,sDAAqD;AACrD,sEAA6C;AAC7C,0EAAiD;AACjD,kFAA+D;AAC/D,kEAAyC;AAEzC,MAAM,SAAS,GAAG,iBAAO,CAAC,MAAM,EAAE,CAAC;AAEnC,SAAS,CAAC,GAAG,CAAC,GAAG,EAAE,CAAC,IAAa,EAAE,GAAa,EAAE,EAAE;IAClD,GAAG,CAAC,MAAM,CAAC,GAAG,CAAC,CAAC,IAAI,CAAC;QACnB,OAAO,EAAE,sFAAsF;QAC/F,OAAO,EAAE,CAAC;KACX,CAAC,CAAC;AACL,CAAC,CAAC,CAAC;AAEH,SAAS,CAAC,GAAG,CAAC,WAAW,EAAE,IAAA,6BAAK,EAAC,SAAS,CAAC,EAAE,wBAAa,CAAC,CAAC;AAC5D,SAAS,CAAC,GAAG,CAAC,aAAa,EAAE,IAAA,6BAAK,EAAC,SAAS,CAAC,EAAE,0BAAe,CAAC,CAAC;AAChE,SAAS,CAAC,GAAG,CAAC,QAAQ,EAAE,IAAA,6BAAK,EAAC,KAAK,CAAC,EAAE,sBAAW,CAAC,CAAC;AAEtC,QAAA,QAAQ,GAAG,SAAS,CAAC","sourcesContent":["import express, { Request, Response } from 'express';\nimport pokemonRouter from './pokemon.routes';\nimport favouriteRouter from './favourite.routes';\nimport { limit } from '../../middleware/rate-limit.middleware';\nimport cacheRouter from './cache.routes';\n\nconst appRouter = express.Router();\n\nappRouter.get('/', (_req: Request, res: Response) => {\n  res.status(200).send({\n    message: `Hello from FireFly. Check the API specification for further guidance and next steps.`,\n    success: 1,\n  });\n});\n\nappRouter.use('/pokemons', limit('default'), pokemonRouter);\nappRouter.use('/favourites', limit('default'), favouriteRouter);\nappRouter.use('/cache', limit('api'), cacheRouter);\n\nexport const v1Router = appRouter;"]},"_coverageSchema":"1a1c01bbd47fc00a2c39e90264f33305004495a9","hash":"790f8cb83ddc0ba7f453de873ca78dd49cbb7a50","contentHash":"fb1cb979bc497d9fadf827b5828a4284a683770fbf540dea65f70a5fc9ef0b9e"},"/Users/user/Documents/GitHub/firefly/backend/src/routes/v1/pokemon.routes.ts":{"path":"/Users/user/Documents/GitHub/firefly/backend/src/routes/v1/pokemon.routes.ts","statementMap":{"0":{"start":{"line":2,"column":22},"end":{"line":12,"column":3}},"1":{"start":{"line":3,"column":4},"end":{"line":3,"column":33}},"2":{"start":{"line":3,"column":26},"end":{"line":3,"column":33}},"3":{"start":{"line":4,"column":15},"end":{"line":4,"column":52}},"4":{"start":{"line":5,"column":4},"end":{"line":7,"column":5}},"5":{"start":{"line":6,"column":6},"end":{"line":6,"column":68}},"6":{"start":{"line":6,"column":51},"end":{"line":6,"column":63}},"7":{"start":{"line":8,"column":4},"end":{"line":8,"column":39}},"8":{"start":{"line":10,"column":4},"end":{"line":10,"column":33}},"9":{"start":{"line":10,"column":26},"end":{"line":10,"column":33}},"10":{"start":{"line":11,"column":4},"end":{"line":11,"column":17}},"11":{"start":{"line":13,"column":25},"end":{"line":17,"column":2}},"12":{"start":{"line":14,"column":4},"end":{"line":14,"column":72}},"13":{"start":{"line":16,"column":4},"end":{"line":16,"column":21}},"14":{"start":{"line":18,"column":19},"end":{"line":34,"column":4}},"15":{"start":{"line":19,"column":18},"end":{"line":26,"column":5}},"16":{"start":{"line":20,"column":8},"end":{"line":24,"column":10}},"17":{"start":{"line":21,"column":21},"end":{"line":21,"column":23}},"18":{"start":{"line":22,"column":12},"end":{"line":22,"column":95}},"19":{"start":{"line":22,"column":29},"end":{"line":22,"column":95}},"20":{"start":{"line":22,"column":77},"end":{"line":22,"column":95}},"21":{"start":{"line":23,"column":12},"end":{"line":23,"column":22}},"22":{"start":{"line":25,"column":8},"end":{"line":25,"column":26}},"23":{"start":{"line":27,"column":4},"end":{"line":33,"column":6}},"24":{"start":{"line":28,"column":8},"end":{"line":28,"column":46}},"25":{"start":{"line":28,"column":35},"end":{"line":28,"column":46}},"26":{"start":{"line":29,"column":21},"end":{"line":29,"column":23}},"27":{"start":{"line":30,"column":8},"end":{"line":30,"column":137}},"28":{"start":{"line":30,"column":25},"end":{"line":30,"column":137}},"29":{"start":{"line":30,"column":38},"end":{"line":30,"column":50}},"30":{"start":{"line":30,"column":56},"end":{"line":30,"column":57}},"31":{"start":{"line":30,"column":78},"end":{"line":30,"column":137}},"32":{"start":{"line":30,"column":102},"end":{"line":30,"column":137}},"33":{"start":{"line":31,"column":8},"end":{"line":31,"column":40}},"34":{"start":{"line":32,"column":8},"end":{"line":32,"column":22}},"35":{"start":{"line":35,"column":22},"end":{"line":37,"column":1}},"36":{"start":{"line":36,"column":4},"end":{"line":36,"column":62}},"37":{"start":{"line":38,"column":0},"end":{"line":38,"column":62}},"38":{"start":{"line":39,"column":18},"end":{"line":39,"column":36}},"39":{"start":{"line":40,"column":29},"end":{"line":40,"column":93}},"40":{"start":{"line":41,"column":33},"end":{"line":41,"column":83}},"41":{"start":{"line":42,"column":25},"end":{"line":42,"column":86}},"42":{"start":{"line":43,"column":44},"end":{"line":43,"column":105}},"43":{"start":{"line":44,"column":22},"end":{"line":44,"column":45}},"44":{"start":{"line":45,"column":0},"end":{"line":45,"column":240}},"45":{"start":{"line":46,"column":0},"end":{"line":46,"column":253}},"46":{"start":{"line":47,"column":0},"end":{"line":47,"column":32}}},"fnMap":{"0":{"name":"(anonymous_0)","decl":{"start":{"line":2,"column":74},"end":{"line":2,"column":75}},"loc":{"start":{"line":2,"column":96},"end":{"line":9,"column":1}},"line":2},"1":{"name":"(anonymous_1)","decl":{"start":{"line":6,"column":38},"end":{"line":6,"column":39}},"loc":{"start":{"line":6,"column":49},"end":{"line":6,"column":65}},"line":6},"2":{"name":"(anonymous_2)","decl":{"start":{"line":9,"column":6},"end":{"line":9,"column":7}},"loc":{"start":{"line":9,"column":28},"end":{"line":12,"column":1}},"line":9},"3":{"name":"(anonymous_3)","decl":{"start":{"line":13,"column":80},"end":{"line":13,"column":81}},"loc":{"start":{"line":13,"column":95},"end":{"line":15,"column":1}},"line":13},"4":{"name":"(anonymous_4)","decl":{"start":{"line":15,"column":5},"end":{"line":15,"column":6}},"loc":{"start":{"line":15,"column":20},"end":{"line":17,"column":1}},"line":15},"5":{"name":"(anonymous_5)","decl":{"start":{"line":18,"column":51},"end":{"line":18,"column":52}},"loc":{"start":{"line":18,"column":63},"end":{"line":34,"column":1}},"line":18},"6":{"name":"(anonymous_6)","decl":{"start":{"line":19,"column":18},"end":{"line":19,"column":19}},"loc":{"start":{"line":19,"column":30},"end":{"line":26,"column":5}},"line":19},"7":{"name":"(anonymous_7)","decl":{"start":{"line":20,"column":48},"end":{"line":20,"column":49}},"loc":{"start":{"line":20,"column":61},"end":{"line":24,"column":9}},"line":20},"8":{"name":"(anonymous_8)","decl":{"start":{"line":27,"column":11},"end":{"line":27,"column":12}},"loc":{"start":{"line":27,"column":26},"end":{"line":33,"column":5}},"line":27},"9":{"name":"(anonymous_9)","decl":{"start":{"line":35,"column":56},"end":{"line":35,"column":57}},"loc":{"start":{"line":35,"column":71},"end":{"line":37,"column":1}},"line":35}},"branchMap":{"0":{"loc":{"start":{"line":2,"column":22},"end":{"line":12,"column":3}},"type":"binary-expr","locations":[{"start":{"line":2,"column":23},"end":{"line":2,"column":27}},{"start":{"line":2,"column":31},"end":{"line":2,"column":51}},{"start":{"line":2,"column":57},"end":{"line":12,"column":2}}],"line":2},"1":{"loc":{"start":{"line":2,"column":57},"end":{"line":12,"column":2}},"type":"cond-expr","locations":[{"start":{"line":2,"column":74},"end":{"line":9,"column":1}},{"start":{"line":9,"column":6},"end":{"line":12,"column":1}}],"line":2},"2":{"loc":{"start":{"line":3,"column":4},"end":{"line":3,"column":33}},"type":"if","locations":[{"start":{"line":3,"column":4},"end":{"line":3,"column":33}},{"start":{},"end":{}}],"line":3},"3":{"loc":{"start":{"line":5,"column":4},"end":{"line":7,"column":5}},"type":"if","locations":[{"start":{"line":5,"column":4},"end":{"line":7,"column":5}},{"start":{},"end":{}}],"line":5},"4":{"loc":{"start":{"line":5,"column":8},"end":{"line":5,"column":85}},"type":"binary-expr","locations":[{"start":{"line":5,"column":8},"end":{"line":5,"column":13}},{"start":{"line":5,"column":18},"end":{"line":5,"column":84}}],"line":5},"5":{"loc":{"start":{"line":5,"column":18},"end":{"line":5,"column":84}},"type":"cond-expr","locations":[{"start":{"line":5,"column":34},"end":{"line":5,"column":47}},{"start":{"line":5,"column":50},"end":{"line":5,"column":84}}],"line":5},"6":{"loc":{"start":{"line":5,"column":50},"end":{"line":5,"column":84}},"type":"binary-expr","locations":[{"start":{"line":5,"column":50},"end":{"line":5,"column":63}},{"start":{"line":5,"column":67},"end":{"line":5,"column":84}}],"line":5},"7":{"loc":{"start":{"line":10,"column":4},"end":{"line":10,"column":33}},"type":"if","locations":[{"start":{"line":10,"column":4},"end":{"line":10,"column":33}},{"start":{},"end":{}}],"line":10},"8":{"loc":{"start":{"line":13,"column":25},"end":{"line":17,"column":2}},"type":"binary-expr","locations":[{"start":{"line":13,"column":26},"end":{"line":13,"column":30}},{"start":{"line":13,"column":34},"end":{"line":13,"column":57}},{"start":{"line":13,"column":63},"end":{"line":17,"column":1}}],"line":13},"9":{"loc":{"start":{"line":13,"column":63},"end":{"line":17,"column":1}},"type":"cond-expr","locations":[{"start":{"line":13,"column":80},"end":{"line":15,"column":1}},{"start":{"line":15,"column":5},"end":{"line":17,"column":1}}],"line":13},"10":{"loc":{"start":{"line":18,"column":19},"end":{"line":34,"column":4}},"type":"binary-expr","locations":[{"start":{"line":18,"column":20},"end":{"line":18,"column":24}},{"start":{"line":18,"column":28},"end":{"line":18,"column":45}},{"start":{"line":18,"column":50},"end":{"line":34,"column":4}}],"line":18},"11":{"loc":{"start":{"line":20,"column":18},"end":{"line":24,"column":9}},"type":"binary-expr","locations":[{"start":{"line":20,"column":18},"end":{"line":20,"column":44}},{"start":{"line":20,"column":48},"end":{"line":24,"column":9}}],"line":20},"12":{"loc":{"start":{"line":22,"column":29},"end":{"line":22,"column":95}},"type":"if","locations":[{"start
[...]
imit:${endpoint}:${identifier}`;\n        \n        const now = Date.now();\n        const windowStart = now - windowMs;\n        logger.info(`Rate limiting check for ${identifier} on ${endpoint}: starting (${windowStart})`, {trace: 'ratelimiter.middleware.ts'});\n        \n        // Get existing data or create new\n        let data = this.cache.get<RateLimitData>(key);\n        \n        if (!data || data.resetTime <= now) {\n          // Create new window\n          data = {\n            count: 1,\n            resetTime: now + windowMs\n          };\n          \n          // Set cache with TTL in seconds\n          const ttlSeconds = Math.ceil(windowMs / 1000);\n          this.cache.set(key, data, ttlSeconds);\n        } else {\n          // Increment count in existing window\n          data.count++;\n          \n          // Calculate remaining TTL\n          const remainingMs = data.resetTime - now;\n          const ttlSeconds = Math.ceil(remainingMs / 1000);\n          \n          this.cache.set(key, data, ttlSeconds);\n        }\n\n        const remaining = Math.max(0, maxRequests - data.count);\n        const resetTimeSeconds = Math.ceil((data.resetTime - now) / 1000);\n        \n        // Set rate limit headers\n        res.setHeader('X-RateLimit-Limit', maxRequests.toString());\n        res.setHeader('X-RateLimit-Remaining', remaining.toString());\n        res.setHeader('X-RateLimit-Reset', resetTimeSeconds.toString());\n        \n        // Check if limit exceeded\n        if (data.count > maxRequests) {\n          res.setHeader('Retry-After', resetTimeSeconds.toString());\n          \n          logger.warn(\n            `Rate limit exceeded for ${identifier} on ${endpoint}. Count: ${data.count}/${maxRequests}`,\n            {trace: 'ratelimiter.middleware.ts'}\n          );\n          \n          return res.status(StatusCodes.TOO_MANY_REQUESTS).json({\n            error: 'Too Many Requests',\n            message,\n            retryAfter: resetTimeSeconds\n          });\n        }\n        \n        next();\n      } catch (error) {\n        logger.error('Rate limiting error:', error);\n        next();\n      }\n    };\n  }\n\n  public getStats() {\n    return this.cache.getStats();\n  }\n\n  public clear() {\n    this.cache.flushAll();\n    logger.info('Rate limiter cache cleared', {trace: 'ratelimiter.middleware.ts'});\n  }\n\n  public close() {\n    if (this.ready) {\n      this.cache.close();\n      this.ready = false;\n      logger.info('Rate limiter closed', {trace: 'ratelimiter.middleware.ts'});\n    }\n  }\n}\n\nfunction createRateLimitMiddleware(rateLimiter: RateLimiter) {\n  return (configKey: keyof typeof rateLimitConfig = 'default') => {\n    return rateLimiter.limitRoute(rateLimitConfig[configKey]);\n  };\n}\n\n// Singleton instance\nconst rateLimiter = new RateLimiter();\n\nexport const limit = createRateLimitMiddleware(rateLimiter);\n\n// Export instance for testing and monitoring\nexport { rateLimiter };"]},"_coverageSchema":"1a1c01bbd47fc00a2c39e90264f33305004495a9","hash":"fbf2c7c40b04a3c362792cfc5a47c7746aedada0","contentHash":"a68204e9a6fca8eea24fba9edd301616bce4f89e42c015349cf0eb9e47406d9e"},"/Users/user/Documents/GitHub/firefly/backend/src/config/rate-limit.ts":{"path":"/Users/user/Documents/GitHub/firefly/backend/src/config/rate-limit.ts","statementMap":{"0":{"start":{"line":2,"column":0},"end":{"line":2,"column":62}},"1":{"start":{"line":3,"column":0},"end":{"line":3,"column":33}},"2":{"start":{"line":4,"column":0},"end":{"line":19,"column":2}}},"fnMap":{},"branchMap":{},"s":{"0":1,"1":1,"2":1},"f":{},"b":{},"inputSourceMap":{"version":3,"file":"/Users/user/Documents/GitHub/firefly/backend/src/config/rate-limit.ts","sources":["/Users/user/Documents/GitHub/firefly/backend/src/config/rate-limit.ts"],"names":[],"mappings":";;;AAAa,QAAA,eAAe,GAAG;IAC7B,OAAO,EAAE;QACP,QAAQ,EAAE,EAAE,GAAG,EAAE,GAAG,IAAI;QACxB,WAAW,EAAE,GAAG;QAChB,OAAO,EAAE,gCAAgC;KAC1C;IACD,MAAM,EAAE;QACN,QAAQ,EAAE,EAAE,GAAG,IAAI;QACnB,WAAW,EAAE,EAAE;QACf,OAAO,EAAE,kBAAkB;KAC5B;IACD,GAAG,EAAE;QACH,QAAQ,EAAE,EAAE,GAAG,IAAI;QACnB,WAAW,EAAE,EAAE;KAChB;CACF,CAAC","sourcesContent":["export const rateLimitConfig = {\n  default: {\n    windowMs: 15 * 60 * 1000, // 15 minutes\n    maxRequests: 100,\n    message: 'Too many requests from this IP'\n  },\n  strict: {\n    windowMs: 60 * 1000, // 1 minute\n    maxRequests: 10,\n    message: 'Please slow down'\n  },\n  api: {\n    windowMs: 60 * 1000,\n    maxRequests: 60\n  }\n};"]},"_coverageSchema":"1a1c01bbd47fc00a2c39e90264f33305004495a9","hash":"bda2d1a158ebacd42b15c727cf6c4657f476025e","contentHash":"564848649b5d42f14f6358922161753b52cf67a13d88e1868e391e9fc5452ebd"},"/Users/user/Documents/GitHub/firefly/backend/src/routes/v1/cache.routes.ts":{"path":"/Users/user/Documents/GitHub/firefly/backend/src/routes/v1/cache.routes.ts","statementMap":{"0":{"start":{"line":2,"column":22},"end":{"line":4,"column":1}},"1":{"start":{"line":3,"column":4},"end":{"line":3,"column":62}},"2":{"start":{"line":5,"column":0},"end":{"line":5,"column":62}},"3":{"start":{"line":6,"column":18},"end":{"line":6,"column":36}},"4":{"start":{"line":7,"column":33},"end":{"line":7,"column":83}},"5":{"start":{"line":8,"column":27},"end":{"line":8,"column":89}},"6":{"start":{"line":9,"column":20},"end":{"line":9,"column":43}},"7":{"start":{"line":10,"column":0},"end":{"line":10,"column":118}},"8":{"start":{"line":11,"column":0},"end":{"line":11,"column":115}},"9":{"start":{"line":12,"column":0},"end":{"line":12,"column":30}}},"fnMap":{"0":{"name":"(anonymous_0)","decl":{"start":{"line":2,"column":56},"end":{"line":2,"column":57}},"loc":{"start":{"line":2,"column":71},"end":{"line":4,"column":1}},"line":2}},"branchMap":{"0":{"loc":{"start":{"line":2,"column":22},"end":{"line":4,"column":1}},"type":"binary-expr","locations":[{"start":{"line":2,"column":23},"end":{"line":2,"column":27}},{"start":{"line":2,"column":31},"end":{"line":2,"column":51}},{"start":{"line":2,"column":56},"end":{"line":4,"column":1}}],"line":2},"1":{"loc":{"start":{"line":3,"column":11},"end":{"line":3,"column":61}},"type":"cond-expr","locations":[{"start":{"line":3,"column":37},"end":{"line":3,"column":40}},{"start":{"line":3,"column":43},"end":{"line":3,"column":61}}],"line":3},"2":{"loc":{"start":{"line":3,"column":12},"end":{"line":3,"column":33}},"type":"binary-expr","locations":[{"start":{"line":3,"column":12},"end":{"line":3,"column":15}},{"start":{"line":3,"column":19},"end":{"line":3,"column":33}}],"line":3}},"s":{"0":1,"1":1,"2":1,"3":1,"4":1,"5":1,"6":1,"7":1,"8":1,"9":1},"f":{"0":1},"b":{"0":[1,1,1],"1":[1,0],"2":[1,1]},"inputSourceMap":{"version":3,"file":"/Users/user/Documents/GitHub/firefly/backend/src/routes/v1/cache.routes.ts","sources":["/Users/user/Documents/GitHub/firefly/backend/src/routes/v1/cache.routes.ts"],"names":[],"mappings":";;;;;AAAA,qCAAiC;AACjC,oFAA+E;AAC/E,0FAAiE;AAEjE,MAAM,WAAW,GAAG,IAAA,gBAAM,GAAE,CAAC;AAE7B,WAAW,CAAC,GAAG,CAAC,GAAG,EACf,IAAA,6CAAoB,EAAC,0BAAe,CAAC,gBAAgB,CAAC,CACzD,CAAC;AACF,WAAW,CAAC,MAAM,CAAC,GAAG,EAClB,IAAA,6CAAoB,EAAC,0BAAe,CAAC,UAAU,CAAC,CACnD,CAAC;AAEF,kBAAe,WAAW,CAAC","sourcesContent":["import { Router } from \"express\";\nimport { WatchAsyncController } from \"../../middleware/watch-async-controller\";\nimport cacheController from \"../../controllers/cache.controller\";\n\nconst cacheRouter = Router();\n\ncacheRouter.get('/', \n    WatchAsyncController(cacheController.getAllCacheStats)\n);\ncacheRouter.delete('/', \n    WatchAsyncController(cacheController.flushCache)\n);\n\nexport default cacheRouter;\n\n"]},"_coverageSchema":"1a1c01bbd47fc00a2c39e90264f33305004495a9","hash":"488f11fa1346fc5a01bff083c5b62539475cbf6b","contentHash":"7275f24af3851a51182526bd7c1df3467e0bd6d7758cbd482be4f8910f686689"},"/Users/user/Documents/GitHub/firefly/backend/src/controllers/cache.controller.ts":{"path":"/Users/user/Documents/GitHub/firefly/backend/src/controllers/cache.controller.ts","statementMap":{"0":{"start":{"line":2,"column":22},"end":{"line":4,"column":1}},"1":{"start":{"line":3,"column":4},"end":{"line":3,"column":62}},"2":{"start":{"line":5,"column":0},"end":{"line":5,"column":62}},"3":{"start":{"line":6,"column":28},"end":{"line":6,"column":56}},"4":{"start":{"line":7,"column":24},"end":{"line":7,"column":74}},"5":{"start":{"line":8,"column":19},"end":{"line":8,"column":47}},"6":{"start":{"line":9,"column":19},"end":{"line":9,"column":64}},"7":{"start":{"line":10,"column":17},"end":{"line":10,"column":43}},"8":{"start":{"line":13,"column":8},"end":{"line":13,"column":41}},"9":{"start":{"line":14,"column":8},"end":{"line":14,"column":68}},"10":{"start":{"line":15,"column":8},"end":{"line":19,"column":10}},"11":{"start":{"line":16,"column":26},"end":{"line":16,"column":54}},"12":{"start":{"line":17,"column":12},"end":{"line":17,"column":49}},"13":{"start":{"line":18,"column":12},"end":{"line":18,"column":133}},"14":{"start":{"line":20,"column":8},"end":{"line":24,"column":10}},"15":{"start":{"line":21,"column":12},"end":{"line":21,"column":38}},"16":{"start":{"line":22,"column":12},"end":{"line":22,"column":54}},"17":{"start":{"line":23,"column":12},"end":{"line":23,"column":128}},"18":{"start":{"line":27,"column":24},"end":{"line":27,"column":68}},"19":{"start":{"line":28,"column":0},"end":{"line":28,"column":34}}},"fnMap":{"0":{"name":"(anonymous_0)","decl":{"start":{"line":2,"column":56},"end":{"line":2,"column":57}},"loc":{"start":{"line":2,"column":71},"end":{"line":4,"column":1}},"line":2},"1":{"name":"(anonymous_1)","decl":{"start":{"line":12,"column":4},"end":{"line":12,"column":5}},"loc":{"start":{"line":12,"column":30},"end":{"line":25,"column":5}},"line":12},"2":{"name":"(anonymous_2)","decl":{"start":{"line":15,"column":32},"end":{"line":15,"column":33}},"loc":{"start":{"line":15,"column":53},"end":{"line":19,"column":9}},"line":15},"3":{"name":"(anonymous_3)","decl":{"start":{"line":20,"column":26},"end":{"line":20,"column":27}},"loc":{"start":{"line":20,"column":47},"end":{"line":24,"column":9}},"line":20}},"branchMap":{"0":{"loc":{"start":{"line":2,"column":22},"end":{"line":4,"column":1}},"type":"binary-expr","locations":[{"start":{"line":2,"column":23},"end":{"line":2,"column":27}},{"start":{"line":2,"column":31},"end":{"line":2,"column":51}},{"start":{"line":2,"column":56},"end":{"line":4,"column":1}}],"line":2},"1":{"loc":{"start":{"line":3,"column":11},"end":{"line":3,"column":61}},"type":"cond-expr","locations":[{"start":{"line":3,"column":37},"end":{"line":3,"column":40}},{"start":{"line":3,"column":43},"end":{"line":3,"column":61}}],"line":3},"2":{"loc":{"start":{"line":3,"column":12},"end":{"line":3,"column":33}},"type":"binary-expr","locations":[{"start":{"line":3,"column":12},"end":{"line":3,"column":15}},{"start":{"line":3,"column":19},"end":{"line":3,"column":33}}],"line":3}},"s":{"0":1,"1":2,"2":1,"3":1,"4":1,"5":1,"6":1,"7":1,"8":1,"9":1,"10":1,"11":0,"12":0,"13":0,"14":1,"15":0,"16":0,"17":0,"18":1,"19":1},"f":{"0":2,"1":1,"2":0,"3":0},"b":{"0":[1,1,1],"1":[2,0],"2":[2,2]},"inputSourceMap":{"version":3,"file":"/Users/user/Documents/GitHub/firefly/backend/src/controllers/cache.controller.ts","sources":["/Users/user/Documents/GitHub/firefly/backend/src/controllers/cache.controller.ts"],"names":[],"mappings":";;;;;AAAA,yDAAgD;AAEhD,2EAAoE;AACpE,gDAAgD;AAChD,iEAAyC;AACzC,4CAA6C;AAE7C,MAAM,eAAe;IACjB,YAA6B,YAA0B;QAA1B,iBAAY,GAAZ,YAAY,CAAc;QACvD,WAAM,GAAG,IAAI,mBAAU,CAAC,eAAe,CAAC,IAAI,CAAC,CAAC;QACvC,qBAAgB,GAAc,KAAK,EAAC,IAAI,EAAE,GAAG,EAAE,EAAE;YACpD,MAAM,KAAK,GAAG,IAAI,CAAC,YAAY,CAAC,QAAQ,EAAE,CAAC;YAC3C,MAAM,CAAC,IAAI,CAAC,uBAAuB,CAAC,CAAC;YACrC,OAAO,IAAA,sBAAW,EAAC,GAAG,EAAE,IAAI,EAAE,kBAAQ,CAAC,WAAW,EAAE,+BAAW,CAAC,EAAE,EAAE,KAAK,CAAC,CAAC;QAC/E,CAAC,CAAA;QACM,eAAU,GAAc,KAAK,EAAC,IAAI,EAAE,GAAG,EAAE,EAAE;YAC9C,IAAI,CAAC,YAAY,CAAC,KAAK,EAAE,CAAC;YACxB,MAAM,CAAC,IAAI,CAAC,4BAA4B,CAAC,CAAC;YAC5C,OAAO,IAAA,sBAAW,EAAC,GAAG,EAAE,IAAI,EAAE,kBAAQ,CAAC,aAAa,EAAE,+BAAW,CAAC,EAAE,CAAC,CAAC;QAC1E,CAAC,CAAA;IAXyD,CAAC;CAY9D;AAED,MAAM,eAAe,GAAG,IAAI,eAAe,CAAC,uBAAY,CAAC,CAAC;AAC1D,kBAAe,eAAe,CAAC","sourcesContent":["import { StatusCodes } from \"http-status-codes\";\nimport { fnRequest } from \"../types\";\nimport cacheManager, { CacheManager } from \"../utils/cache-manager\";\nimport { ApiResponse } from \"../utils/response\";\nimport Messages from \"../utils/messages\";\nimport { LoggerImpl } from \"../utils/logger\";\n\nclass CacheController {\n    constructor(private readonly cacheManager: CacheManager) {}\n    logger = new LoggerImpl(CacheController.name);\n    public getAllCacheStats: fnRequest = async(_req, res) => {\n        const stats = this.cacheManager.getStats();\n        logger.info('Cache stats retrieved');\n        return ApiResponse(res, null, Messages.CACHE_STATS, StatusCodes.OK, stats);\n    }\n    public flushCache: fnRequest = async(_req, res) => {\n        this.cacheManager.flush();\n          logger.info('Cache flushed successfully');\n        return ApiResponse(res, null, Messages.CACHE_CLEARED, StatusCodes.OK);\n    }\n}\n\nconst cacheController = new CacheController(cacheManager);\nexport default cacheController;"]},"_coverageSchema":"1a1c01bbd47fc00a2c39e90264f33305004495a9","hash":"f32c765d4e46bb6c17954ea2daaa3464b8c5be2a","contentHash":"7a663cfb2d000fba5c3d3b546c6d439dca04732df11a2b1246511270fff7a9c6"},"/Users/user/Documents/GitHub/firefly/backend/src/config/cors.ts":{"path":"/Users/user/Documents/GitHub/firefly/backend/src/config/cors.ts","statementMap":{"0":{"start":{"line":2,"column":0},"end":{"line":2,"column":62}},"1":{"start":{"line":3,"column":0},"end":{"line":3,"column":29}},"2":{"start":{"line":4,"column":18},"end":{"line":4,"column":65}},"3":{"start":{"line":5,"column":18},"end":{"line":13,"column":1}},"4":{"start":{"line":6,"column":26},"end":{"line":6,"column":86}},"5":{"start":{"line":6,"column":63},"end":{"line":6,"column":85}},"6":{"start":{"line":7,"column":4},"end":{"line":12,"column":5}},"7":{"start":{"line":8,"column":8},"end":{"line":8,"column":29}},"8":{"start":{"line":11,"column":8},"end":{"line":11,"column":51}},"9":{"start":{"line":14,"column":0},"end":{"line":14,"column":44}}},"fnMap":{"0":{"name":"(anonymous_0)","decl":{"start":{"line":5,"column":18},"end":{"line":5,"column":19}},"loc":{"start":{"line":5,"column":40},"end":{"line":13,"column":1}},"line":5},"1":{"name":"(anonymous_1)","decl":{"start":{"line":6,"column":52},"end":{"line":6,"column":53}},"loc":{"start":{"line":6,"column":63},"end":{"line":6,"column":85}},"line":6}},"branchMap":{"0":{"loc":{"start":{"line":6,"column":26},"end":{"line":6,"column":86}},"type":"binary-expr","locations":[{"start":{"line":6,"column":26},"end":{"line":6,"column":33}},{"start":{"line":6,"column":37},"end":{"line":6,"column":86}}],"line":6},"1":{"loc":{"start":{"line":7,"column":4},"end":{"line":12,"column":5}},"type":"if","locations":[{"start":{"line":7,"column":4},"end":{"line":12,"column":5}},{"start":{"line":10,"column":9},"end":{"line":12,"column":5}}],"line":7}},"s":{"0":1,"1":1,"2":1,"3":1,"4":0,"5":0,"6":0,"7":0,"8":0,"9":1},"f":{"0":0,"1":0},"b":{"0":[0,0],"1":[0,0]},"inputSourceMap":{"version":3,"file":"/Users/user/Documents/GitHub/firefly/backend/src/config/cors.ts","sources":["/Users/user/Documents/GitHub/firefly/backend/src/config/cors.ts"],"names":[],"mappings":";;;AAAA,MAAM,SAAS,GAAG,CAAC,WAAW,EAAE,gCAAgC,CAAC,CAAC;AAElE,MAAM,SAAS,GAAG,CAAC,MAA0B,EAAE,QAAsD,EAAE,EAAE;IACrG,MAAM,aAAa,GAAG,CAAC,MAAM,IAAI,SAAS,CAAC,IAAI,CAAC,CAAC,KAAK,EAAE,EAAE,CAAC,MAAM,CAAC,QAAQ,CAAC,KAAK,CAAC,CAAC,CAAC;IACnF,IAAI,aAAa,EAAE,CAAC;QAChB,QAAQ,CAAC,IAAI,EAAE,IAAI,CAAC,CAAC;IACzB,CAAC;SAAM,CAAC;QACJ,QAAQ,CAAC,IAAI,KAAK,CAAC,qBAAqB,CAAC,CAAC,CAAC;IAC/C,CAAC;AACL,CAAC,CAAC;AAEW,QAAA,WAAW,GAAG,EAAE,MAAM,EAAE,SAAS,EAAE,CAAC","sourcesContent":["const whitelist = [\"localhost\", \"firefly-pokeman-sec.vercel.app\"];\n\nconst getOrigin = (origin: string | undefined, callback: (err: Error | null, allow?: boolean) => void) => {\n    const allowedOrigin = !origin || whitelist.some((value) => origin.includes(value));\n    if (allowedOrigin) {\n        callback(null, true);\n    } else {\n        callback(new Error(\"Not allowed by CORS\"));\n    }\n};\n\nexport const corsOptions = { origin: getOrigin };"]},"_coverageSchema":"1a1c01bbd47fc00a2c39e90264f33305004495a9","hash":"ad4f6b1d26d5f0f296830b9dfc95b0b127291ca1","contentHash":"4760a3d15690006555ba75ef8235f99c85e2cdfea5b317113f3b28601927f683"},"/Users/user/Documents/GitHub/firefly/backend/src/helper/scheduler.ts":{"path":"/Users/user/Documents/GitHub/firefly/backend/src/helper/scheduler.ts","statementMap":{"0":{"start":{"line":2,"column":22},"end":{"line":4,"column":1}},"1":{"start":{"line":3,"column":4},"end":{"line":3,"column":62}},"2":{"start":{"line":5,"column":0},"end":{"line":5,"column":62}},"3":{"start":{"line":6,"column":20},"end":{"line":6,"column":57}},"4":{"start":{"line":7,"column":24},"end":{"line":7,"column":74}},"5":{"start":{"line":8,"column":0},"end":{"line":11,"column":3}},"6":{"start":{"line":9,"column":4},"end":{"line":9,"column":55}},"7":{"start":{"line":10,"column":4},"end":{"line":10,"column":53}},"8":{"start":{"line":12,"column":0},"end":{"line":15,"column":3}},"9":{"start":{"line":13,"column":4},"end":{"line":13,"column":60}},"10":{"start":{"line":14,"column":4},"end":{"line":14,"column":50}}},"fnMap":{"0":{"name":"(anonymous_0)","decl":{"start":{"line":2,"column":56},"end":{"line":2,"column":57}},"loc":{"start":{"line":2,"column":71},"end":{"line":4,"column":1}},"line":2},"1":{"name":"(anonymous_1)","decl":{"start":{"line":8,"column":44},"end":{"line":8,"column":45}},"loc":{"start":{"line":8,"column":50},"end":{"line":11,"column":1}},"line":8},"2":{"name":"(anonymous_2)","decl":{"start":{"line":12,"column":42},"end":{"line":12,"column":43}},"loc":{"start":{"line":12,"column":48},"end":{"line":15,"column":1}},"line":12}},"branchMap":{"0":{"loc":{"start":{"line":2,"column":22},"end":{"line":4,"column":1}},"type":"binary-expr","locations":[{"start":{"line":2,"column":23},"end":{"line":2,"column":27}},{"start":{"line":2,"column":31},"end":{"line":2,"column":51}},{"start":{"line":2,"column":56},"end":{"line":4,"column":1}}],"line":2},"1":{"loc":{"start":{"line":3,"column":11},"end":{"line":3,"column":61}},"type":"cond-expr","locations":[{"start":{"line":3,"column":37},"end":{"line":3,"column":40}},{"start":{"line":3,"column":43},"end":{"line":3,"column":61}}],"line":3},"2":{"loc":{"start":{"line":3,"column":12},"end":{"line":3,"column":33}},"type":"binary-expr","locations":[{"start":{"line":3,"column":12},"end":{"line":3,"column":15}},{"start":{"line":3,"column":19},"end":{"line":3,"column":33}}],"line":3}},"s":{"0":1,"1":2,"2":1,"3":1,"4":1,"5":1,"6":0,"7":0,"8":1,"9":0,"10":0},"f":{"0":2,"1":0,"2":0},"b":{"0":[1,1,1],"1":[2,0],"2":[2,2]},"inputSourceMap":{"version":3,"file":"/Users/user/Documents/GitHub/firefly/backend/src/helper/scheduler.ts","sources":["/Users/user/Documents/GitHub/firefly/backend/src/helper/scheduler.ts"],"names":[],"mappings":";;;;;AAAA,0DAA6B;AAC7B,2EAAkD;AAGlD,mBAAI,CAAC,QAAQ,CAAC,aAAa,EAAE,GAAG,EAAE;IAChC,uBAAY,CAAC,wBAAwB,EAAE,CAAC;IACxC,MAAM,CAAC,IAAI,CAAC,mCAAmC,CAAC,CAAC;AACnD,CAAC,CAAC,CAAC;AAGH,mBAAI,CAAC,QAAQ,CAAC,WAAW,EAAE,GAAG,EAAE;IAC9B,uBAAY,CAAC,aAAa,CAAC,gBAAgB,CAAC,CAAC;IAC7C,MAAM,CAAC,IAAI,CAAC,gCAAgC,CAAC,CAAC;AAChD,CAAC,CAAC,CAAC","sourcesContent":["import cron from 'node-cron';\nimport cacheManager from '../utils/cache-manager';\n\n// Clear all Pokemon details cache every 6 hours\ncron.schedule('0 */6 * * *', () => {\n  cacheManager.invalidatePokemonDetails();\n  logger.info('Pokemon details cache invalidated');\n});\n\n// Clear list cache every hour\ncron.schedule('0 * * * *', () => {\n  cacheManager.deletePattern('pokemon:list:*');\n  logger.info('Pokemon list cache invalidated');\n});"]},"_coverageSchema":"1a1c01bbd47fc00a2c39e90264f33305004495a9","hash":"7be2b9eee85461490219c2329e49df83da3acd6b","contentHash":"db8dcdf4d03a74b14db50c5afd2f4115aa981a977d22498605c299059aebf159"}}